{"meta": {"format": 3, "version": "7.13.0", "timestamp": "2026-01-01T18:52:13.868719", "branch_coverage": true, "show_contexts": false}, "files": {"config\\__init__.py": {"executed_lines": [1, 3, 4, 6], "summary": {"covered_lines": 3, "num_statements": 3, "percent_covered": 100.0, "percent_covered_display": "100.00", "missing_lines": 0, "excluded_lines": 0, "percent_statements_covered": 100.0, "percent_statements_covered_display": "100.00", "num_branches": 0, "num_partial_branches": 0, "covered_branches": 0, "missing_branches": 0, "percent_branches_covered": 100.0, "percent_branches_covered_display": "100.00"}, "missing_lines": [], "excluded_lines": [], "executed_branches": [], "missing_branches": [], "functions": {"": {"executed_lines": [1, 3, 4, 6], "summary": {"covered_lines": 3, "num_statements": 3, "percent_covered": 100.0, "percent_covered_display": "100.00", "missing_lines": 0, "excluded_lines": 0, "percent_statements_covered": 100.0, "percent_statements_covered_display": "100.00", "num_branches": 0, "num_partial_branches": 0, "covered_branches": 0, "missing_branches": 0, "percent_branches_covered": 100.0, "percent_branches_covered_display": "100.00"}, "missing_lines": [], "excluded_lines": [], "executed_branches": [], "missing_branches": []}}, "classes": {"": {"executed_lines": [1, 3, 4, 6], "summary": {"covered_lines": 3, "num_statements": 3, "percent_covered": 100.0, "percent_covered_display": "100.00", "missing_lines": 0, "excluded_lines": 0, "percent_statements_covered": 100.0, "percent_statements_covered_display": "100.00", "num_branches": 0, "num_partial_branches": 0, "covered_branches": 0, "missing_branches": 0, "percent_branches_covered": 100.0, "percent_branches_covered_display": "100.00"}, "missing_lines": [], "excluded_lines": [], "executed_branches": [], "missing_branches": []}}}, "config\\app_config.py": {"executed_lines": [1, 8, 9, 10, 11, 14, 15, 16, 29, 32, 33, 34, 37, 38, 39, 40, 43, 46, 49, 50, 52, 54, 55, 57, 58, 71, 81, 83, 84, 85, 89], "summary": {"covered_lines": 29, "num_statements": 29, "percent_covered": 93.93939393939394, "percent_covered_display": "93.94", "missing_lines": 0, "excluded_lines": 0, "percent_statements_covered": 100.0, "percent_statements_covered_display": "100.00", "num_branches": 4, "num_partial_branches": 2, "covered_branches": 2, "missing_branches": 2, "percent_branches_covered": 50.0, "percent_branches_covered_display": "50.00"}, "missing_lines": [], "excluded_lines": [], "executed_branches": [[54, 55], [84, 85]], "missing_branches": [[54, -52], [84, -81]], "functions": {"AppConfig.__post_init__": {"executed_lines": [54, 55], "summary": {"covered_lines": 2, "num_statements": 2, "percent_covered": 75.0, "percent_covered_display": "75.00", "missing_lines": 0, "excluded_lines": 0, "percent_statements_covered": 100.0, "percent_statements_covered_display": "100.00", "num_branches": 2, "num_partial_branches": 1, "covered_branches": 1, "missing_branches": 1, "percent_branches_covered": 50.0, "percent_branches_covered_display": "50.00"}, "missing_lines": [], "excluded_lines": [], "executed_branches": [[54, 55]], "missing_branches": [[54, -52]]}, "AppConfig.from_env": {"executed_lines": [71], "summary": {"covered_lines": 1, "num_statements": 1, "percent_covered": 100.0, "percent_covered_display": "100.00", "missing_lines": 0, "excluded_lines": 0, "percent_statements_covered": 100.0, "percent_statements_covered_display": "100.00", "num_branches": 0, "num_partial_branches": 0, "covered_branches": 0, "missing_branches": 0, "percent_branches_covered": 100.0, "percent_branches_covered_display": "100.00"}, "missing_lines": [], "excluded_lines": [], "executed_branches": [], "missing_branches": []}, "AppConfig.ensure_directories": {"executed_lines": [83, 84, 85], "summary": {"covered_lines": 3, "num_statements": 3, "percent_covered": 80.0, "percent_covered_display": "80.00", "missing_lines": 0, "excluded_lines": 0, "percent_statements_covered": 100.0, "percent_statements_covered_display": "100.00", "num_branches": 2, "num_partial_branches": 1, "covered_branches": 1, "missing_branches": 1, "percent_branches_covered": 50.0, "percent_branches_covered_display": "50.00"}, "missing_lines": [], "excluded_lines": [], "executed_branches": [[84, 85]], "missing_branches": [[84, -81]]}, "": {"executed_lines": [1, 8, 9, 10, 11, 14, 15, 16, 29, 32, 33, 34, 37, 38, 39, 40, 43, 46, 49, 50, 52, 57, 58, 81, 89], "summary": {"covered_lines": 23, "num_statements": 23, "percent_covered": 100.0, "percent_covered_display": "100.00", "missing_lines": 0, "excluded_lines": 0, "percent_statements_covered": 100.0, "percent_statements_covered_display": "100.00", "num_branches": 0, "num_partial_branches": 0, "covered_branches": 0, "missing_branches": 0, "percent_branches_covered": 100.0, "percent_branches_covered_display": "100.00"}, "missing_lines": [], "excluded_lines": [], "executed_branches": [], "missing_branches": []}}, "classes": {"AppConfig": {"executed_lines": [54, 55, 71, 83, 84, 85], "summary": {"covered_lines": 6, "num_statements": 6, "percent_covered": 80.0, "percent_covered_display": "80.00", "missing_lines": 0, "excluded_lines": 0, "percent_statements_covered": 100.0, "percent_statements_covered_display": "100.00", "num_branches": 4, "num_partial_branches": 2, "covered_branches": 2, "missing_branches": 2, "percent_branches_covered": 50.0, "percent_branches_covered_display": "50.00"}, "missing_lines": [], "excluded_lines": [], "executed_branches": [[54, 55], [84, 85]], "missing_branches": [[54, -52], [84, -81]]}, "": {"executed_lines": [1, 8, 9, 10, 11, 14, 15, 16, 29, 32, 33, 34, 37, 38, 39, 40, 43, 46, 49, 50, 52, 57, 58, 81, 89], "summary": {"covered_lines": 23, "num_statements": 23, "percent_covered": 100.0, "percent_covered_display": "100.00", "missing_lines": 0, "excluded_lines": 0, "percent_statements_covered": 100.0, "percent_statements_covered_display": "100.00", "num_branches": 0, "num_partial_branches": 0, "covered_branches": 0, "missing_branches": 0, "percent_branches_covered": 100.0, "percent_branches_covered_display": "100.00"}, "missing_lines": [], "excluded_lines": [], "executed_branches": [], "missing_branches": []}}}, "config\\dependencies.py": {"executed_lines": [1, 8, 9, 10, 11, 12, 13, 14, 15, 17, 20, 21, 28, 30, 38, 39, 40, 43, 44, 45, 47, 49, 50, 61, 62, 63, 65, 66, 68, 69, 71, 75, 79, 86, 87, 88, 89, 91, 98, 99, 100, 101, 103, 115, 125, 136, 159, 170], "summary": {"covered_lines": 46, "num_statements": 60, "percent_covered": 75.0, "percent_covered_display": "75.00", "missing_lines": 14, "excluded_lines": 0, "percent_statements_covered": 76.66666666666667, "percent_statements_covered_display": "76.67", "num_branches": 8, "num_partial_branches": 1, "covered_branches": 5, "missing_branches": 3, "percent_branches_covered": 62.5, "percent_branches_covered_display": "62.50"}, "missing_lines": [73, 77, 110, 111, 112, 113, 122, 123, 132, 133, 134, 143, 146, 155], "excluded_lines": [], "executed_branches": [[61, 62], [86, 87], [86, 89], [98, 99], [98, 101]], "missing_branches": [[61, 63], [110, 111], [110, 113]], "functions": {"DependencyContainer.__init__": {"executed_lines": [38, 39, 40, 43, 44, 45, 47], "summary": {"covered_lines": 7, "num_statements": 7, "percent_covered": 100.0, "percent_covered_display": "100.00", "missing_lines": 0, "excluded_lines": 0, "percent_statements_covered": 100.0, "percent_statements_covered_display": "100.00", "num_branches": 0, "num_partial_branches": 0, "covered_branches": 0, "missing_branches": 0, "percent_branches_covered": 100.0, "percent_branches_covered_display": "100.00"}, "missing_lines": [], "excluded_lines": [], "executed_branches": [], "missing_branches": []}, "DependencyContainer.get_instance": {"executed_lines": [61, 62, 63], "summary": {"covered_lines": 3, "num_statements": 3, "percent_covered": 80.0, "percent_covered_display": "80.00", "missing_lines": 0, "excluded_lines": 0, "percent_statements_covered": 100.0, "percent_statements_covered_display": "100.00", "num_branches": 2, "num_partial_branches": 1, "covered_branches": 1, "missing_branches": 1, "percent_branches_covered": 50.0, "percent_branches_covered_display": "50.00"}, "missing_lines": [], "excluded_lines": [], "executed_branches": [[61, 62]], "missing_branches": [[61, 63]]}, "DependencyContainer.reset_instance": {"executed_lines": [68, 69], "summary": {"covered_lines": 2, "num_statements": 2, "percent_covered": 100.0, "percent_covered_display": "100.00", "missing_lines": 0, "excluded_lines": 0, "percent_statements_covered": 100.0, "percent_statements_covered_display": "100.00", "num_branches": 0, "num_partial_branches": 0, "covered_branches": 0, "missing_branches": 0, "percent_branches_covered": 100.0, "percent_branches_covered_display": "100.00"}, "missing_lines": [], "excluded_lines": [], "executed_branches": [], "missing_branches": []}, "DependencyContainer.get_app_config": {"executed_lines": [], "summary": {"covered_lines": 0, "num_statements": 1, "percent_covered": 0.0, "percent_covered_display": "0.00", "missing_lines": 1, "excluded_lines": 0, "percent_statements_covered": 0.0, "percent_statements_covered_display": "0.00", "num_branches": 0, "num_partial_branches": 0, "covered_branches": 0, "missing_branches": 0, "percent_branches_covered": 100.0, "percent_branches_covered_display": "100.00"}, "missing_lines": [73], "excluded_lines": [], "executed_branches": [], "missing_branches": []}, "DependencyContainer.get_tax_year_config": {"executed_lines": [], "summary": {"covered_lines": 0, "num_statements": 1, "percent_covered": 0.0, "percent_covered_display": "0.00", "missing_lines": 1, "excluded_lines": 0, "percent_statements_covered": 0.0, "percent_statements_covered_display": "0.00", "num_branches": 0, "num_partial_branches": 0, "covered_branches": 0, "missing_branches": 0, "percent_branches_covered": 100.0, "percent_branches_covered_display": "100.00"}, "missing_lines": [77], "excluded_lines": [], "executed_branches": [], "missing_branches": []}, "DependencyContainer.get_encryption_service": {"executed_lines": [86, 87, 88, 89], "summary": {"covered_lines": 4, "num_statements": 4, "percent_covered": 100.0, "percent_covered_display": "100.00", "missing_lines": 0, "excluded_lines": 0, "percent_statements_covered": 100.0, "percent_statements_covered_display": "100.00", "num_branches": 2, "num_partial_branches": 0, "covered_branches": 2, "missing_branches": 0, "percent_branches_covered": 100.0, "percent_branches_covered_display": "100.00"}, "missing_lines": [], "excluded_lines": [], "executed_branches": [[86, 87], [86, 89]], "missing_branches": []}, "DependencyContainer.get_tax_calculation_service": {"executed_lines": [98, 99, 100, 101], "summary": {"covered_lines": 4, "num_statements": 4, "percent_covered": 100.0, "percent_covered_display": "100.00", "missing_lines": 0, "excluded_lines": 0, "percent_statements_covered": 100.0, "percent_statements_covered_display": "100.00", "num_branches": 2, "num_partial_branches": 0, "covered_branches": 2, "missing_branches": 0, "percent_branches_covered": 100.0, "percent_branches_covered_display": "100.00"}, "missing_lines": [], "excluded_lines": [], "executed_branches": [[98, 99], [98, 101]], "missing_branches": []}, "DependencyContainer.get_ptin_ero_service": {"executed_lines": [], "summary": {"covered_lines": 0, "num_statements": 4, "percent_covered": 0.0, "percent_covered_display": "0.00", "missing_lines": 4, "excluded_lines": 0, "percent_statements_covered": 0.0, "percent_statements_covered_display": "0.00", "num_branches": 2, "num_partial_branches": 0, "covered_branches": 0, "missing_branches": 2, "percent_branches_covered": 0.0, "percent_branches_covered_display": "0.00"}, "missing_lines": [110, 111, 112, 113], "excluded_lines": [], "executed_branches": [], "missing_branches": [[110, 111], [110, 113]]}, "DependencyContainer.get_tax_data_repository": {"executed_lines": [], "summary": {"covered_lines": 0, "num_statements": 2, "percent_covered": 0.0, "percent_covered_display": "0.00", "missing_lines": 2, "excluded_lines": 0, "percent_statements_covered": 0.0, "percent_statements_covered_display": "0.00", "num_branches": 0, "num_partial_branches": 0, "covered_branches": 0, "missing_branches": 0, "percent_branches_covered": 100.0, "percent_branches_covered_display": "100.00"}, "missing_lines": [122, 123], "excluded_lines": [], "executed_branches": [], "missing_branches": []}, "DependencyContainer.get_pdf_form_filler": {"executed_lines": [], "summary": {"covered_lines": 0, "num_statements": 3, "percent_covered": 0.0, "percent_covered_display": "0.00", "missing_lines": 3, "excluded_lines": 0, "percent_statements_covered": 0.0, "percent_statements_covered_display": "0.00", "num_branches": 0, "num_partial_branches": 0, "covered_branches": 0, "missing_branches": 0, "percent_branches_covered": 100.0, "percent_branches_covered_display": "100.00"}, "missing_lines": [132, 133, 134], "excluded_lines": [], "executed_branches": [], "missing_branches": []}, "DependencyContainer.configure_logging": {"executed_lines": [], "summary": {"covered_lines": 0, "num_statements": 3, "percent_covered": 0.0, "percent_covered_display": "0.00", "missing_lines": 3, "excluded_lines": 0, "percent_statements_covered": 0.0, "percent_statements_covered_display": "0.00", "num_branches": 0, "num_partial_branches": 0, "covered_branches": 0, "missing_branches": 0, "percent_branches_covered": 100.0, "percent_branches_covered_display": "100.00"}, "missing_lines": [143, 146, 155], "excluded_lines": [], "executed_branches": [], "missing_branches": []}, "get_container": {"executed_lines": [170], "summary": {"covered_lines": 1, "num_statements": 1, "percent_covered": 100.0, "percent_covered_display": "100.00", "missing_lines": 0, "excluded_lines": 0, "percent_statements_covered": 100.0, "percent_statements_covered_display": "100.00", "num_branches": 0, "num_partial_branches": 0, "covered_branches": 0, "missing_branches": 0, "percent_branches_covered": 100.0, "percent_branches_covered_display": "100.00"}, "missing_lines": [], "excluded_lines": [], "executed_branches": [], "missing_branches": []}, "": {"executed_lines": [1, 8, 9, 10, 11, 12, 13, 14, 15, 17, 20, 21, 28, 30, 49, 50, 65, 66, 71, 75, 79, 91, 103, 115, 125, 136, 159], "summary": {"covered_lines": 25, "num_statements": 25, "percent_covered": 100.0, "percent_covered_display": "100.00", "missing_lines": 0, "excluded_lines": 0, "percent_statements_covered": 100.0, "percent_statements_covered_display": "100.00", "num_branches": 0, "num_partial_branches": 0, "covered_branches": 0, "missing_branches": 0, "percent_branches_covered": 100.0, "percent_branches_covered_display": "100.00"}, "missing_lines": [], "excluded_lines": [], "executed_branches": [], "missing_branches": []}}, "classes": {"DependencyContainer": {"executed_lines": [38, 39, 40, 43, 44, 45, 47, 61, 62, 63, 68, 69, 86, 87, 88, 89, 98, 99, 100, 101], "summary": {"covered_lines": 20, "num_statements": 34, "percent_covered": 59.523809523809526, "percent_covered_display": "59.52", "missing_lines": 14, "excluded_lines": 0, "percent_statements_covered": 58.8235294117647, "percent_statements_covered_display": "58.82", "num_branches": 8, "num_partial_branches": 1, "covered_branches": 5, "missing_branches": 3, "percent_branches_covered": 62.5, "percent_branches_covered_display": "62.50"}, "missing_lines": [73, 77, 110, 111, 112, 113, 122, 123, 132, 133, 134, 143, 146, 155], "excluded_lines": [], "executed_branches": [[61, 62], [86, 87], [86, 89], [98, 99], [98, 101]], "missing_branches": [[61, 63], [110, 111], [110, 113]]}, "": {"executed_lines": [1, 8, 9, 10, 11, 12, 13, 14, 15, 17, 20, 21, 28, 30, 49, 50, 65, 66, 71, 75, 79, 91, 103, 115, 125, 136, 159, 170], "summary": {"covered_lines": 26, "num_statements": 26, "percent_covered": 100.0, "percent_covered_display": "100.00", "missing_lines": 0, "excluded_lines": 0, "percent_statements_covered": 100.0, "percent_statements_covered_display": "100.00", "num_branches": 0, "num_partial_branches": 0, "covered_branches": 0, "missing_branches": 0, "percent_branches_covered": 100.0, "percent_branches_covered_display": "100.00"}, "missing_lines": [], "excluded_lines": [], "executed_branches": [], "missing_branches": []}}}, "config\\tax_year_config.py": {"executed_lines": [1, 8, 9, 12, 13, 14, 20, 23, 26, 29, 30, 33, 34, 37, 40, 43, 46, 49, 52, 54, 57, 58, 61, 62, 65, 66, 67, 71, 340, 609, 786, 793, 811, 812, 816], "summary": {"covered_lines": 33, "num_statements": 33, "percent_covered": 100.0, "percent_covered_display": "100.00", "missing_lines": 0, "excluded_lines": 0, "percent_statements_covered": 100.0, "percent_statements_covered_display": "100.00", "num_branches": 2, "num_partial_branches": 0, "covered_branches": 2, "missing_branches": 0, "percent_branches_covered": 100.0, "percent_branches_covered_display": "100.00"}, "missing_lines": [], "excluded_lines": [], "executed_branches": [[811, 812], [811, 816]], "missing_branches": [], "functions": {"get_tax_year_config": {"executed_lines": [811, 812, 816], "summary": {"covered_lines": 3, "num_statements": 3, "percent_covered": 100.0, "percent_covered_display": "100.00", "missing_lines": 0, "excluded_lines": 0, "percent_statements_covered": 100.0, "percent_statements_covered_display": "100.00", "num_branches": 2, "num_partial_branches": 0, "covered_branches": 2, "missing_branches": 0, "percent_branches_covered": 100.0, "percent_branches_covered_display": "100.00"}, "missing_lines": [], "excluded_lines": [], "executed_branches": [[811, 812], [811, 816]], "missing_branches": []}, "": {"executed_lines": [1, 8, 9, 12, 13, 14, 20, 23, 26, 29, 30, 33, 34, 37, 40, 43, 46, 49, 52, 54, 57, 58, 61, 62, 65, 66, 67, 71, 340, 609, 786, 793], "summary": {"covered_lines": 30, "num_statements": 30, "percent_covered": 100.0, "percent_covered_display": "100.00", "missing_lines": 0, "excluded_lines": 0, "percent_statements_covered": 100.0, "percent_statements_covered_display": "100.00", "num_branches": 0, "num_partial_branches": 0, "covered_branches": 0, "missing_branches": 0, "percent_branches_covered": 100.0, "percent_branches_covered_display": "100.00"}, "missing_lines": [], "excluded_lines": [], "executed_branches": [], "missing_branches": []}}, "classes": {"TaxYearConfig": {"executed_lines": [], "summary": {"covered_lines": 0, "num_statements": 0, "percent_covered": 100.0, "percent_covered_display": "100.00", "missing_lines": 0, "excluded_lines": 0, "percent_statements_covered": 100.0, "percent_statements_covered_display": "100.00", "num_branches": 0, "num_partial_branches": 0, "covered_branches": 0, "missing_branches": 0, "percent_branches_covered": 100.0, "percent_branches_covered_display": "100.00"}, "missing_lines": [], "excluded_lines": [], "executed_branches": [], "missing_branches": []}, "": {"executed_lines": [1, 8, 9, 12, 13, 14, 20, 23, 26, 29, 30, 33, 34, 37, 40, 43, 46, 49, 52, 54, 57, 58, 61, 62, 65, 66, 67, 71, 340, 609, 786, 793, 811, 812, 816], "summary": {"covered_lines": 33, "num_statements": 33, "percent_covered": 100.0, "percent_covered_display": "100.00", "missing_lines": 0, "excluded_lines": 0, "percent_statements_covered": 100.0, "percent_statements_covered_display": "100.00", "num_branches": 2, "num_partial_branches": 0, "covered_branches": 2, "missing_branches": 0, "percent_branches_covered": 100.0, "percent_branches_covered_display": "100.00"}, "missing_lines": [], "excluded_lines": [], "executed_branches": [[811, 812], [811, 816]], "missing_branches": []}}}, "models\\__init__.py": {"executed_lines": [1], "summary": {"covered_lines": 0, "num_statements": 0, "percent_covered": 100.0, "percent_covered_display": "100.00", "missing_lines": 0, "excluded_lines": 0, "percent_statements_covered": 100.0, "percent_statements_covered_display": "100.00", "num_branches": 0, "num_partial_branches": 0, "covered_branches": 0, "missing_branches": 0, "percent_branches_covered": 100.0, "percent_branches_covered_display": "100.00"}, "missing_lines": [], "excluded_lines": [], "executed_branches": [], "missing_branches": [], "functions": {"": {"executed_lines": [1], "summary": {"covered_lines": 0, "num_statements": 0, "percent_covered": 100.0, "percent_covered_display": "100.00", "missing_lines": 0, "excluded_lines": 0, "percent_statements_covered": 100.0, "percent_statements_covered_display": "100.00", "num_branches": 0, "num_partial_branches": 0, "covered_branches": 0, "missing_branches": 0, "percent_branches_covered": 100.0, "percent_branches_covered_display": "100.00"}, "missing_lines": [], "excluded_lines": [], "executed_branches": [], "missing_branches": []}}, "classes": {"": {"executed_lines": [1], "summary": {"covered_lines": 0, "num_statements": 0, "percent_covered": 100.0, "percent_covered_display": "100.00", "missing_lines": 0, "excluded_lines": 0, "percent_statements_covered": 100.0, "percent_statements_covered_display": "100.00", "num_branches": 0, "num_partial_branches": 0, "covered_branches": 0, "missing_branches": 0, "percent_branches_covered": 100.0, "percent_branches_covered_display": "100.00"}, "missing_lines": [], "excluded_lines": [], "executed_branches": [], "missing_branches": []}}}, "models\\tax_data.py": {"executed_lines": [1, 5, 6, 7, 8, 9, 10, 11, 12, 13, 14, 15, 16, 17, 18, 19, 20, 21, 32, 35, 37, 38, 40, 41, 42, 43, 44, 45, 47, 48, 51, 52, 53, 56, 57, 58, 59, 60, 70, 72, 73, 75, 82, 83, 85, 86, 88, 96, 99, 108, 118, 121, 124, 127, 139, 141, 148, 149, 298, 309, 310, 313, 315, 316, 317, 318, 319, 321, 322, 324, 335, 336, 339, 342, 345, 346, 347, 348, 349, 350, 353, 354, 355, 356, 357, 360, 361, 362, 363, 364, 365, 367, 368, 369, 370, 371, 372, 373, 376, 377, 379, 382, 388, 390, 392, 394, 395, 397, 398, 401, 403, 406, 412, 414, 416, 427, 428, 429, 431, 432, 434, 435, 436, 439, 440, 443, 452, 454, 455, 457, 459, 462, 463, 466, 467, 469, 471, 472, 473, 475, 481, 482, 483, 485, 486, 487, 489, 490, 491, 493, 495, 498, 499, 502, 505, 509, 511, 513, 514, 516, 517, 519, 521, 522, 524, 525, 526, 527, 529, 531, 532, 534, 535, 537, 539, 540, 541, 542, 544, 546, 547, 548, 549, 551, 553, 556, 559, 564, 567, 570, 571, 572, 575, 576, 577, 580, 581, 584, 585, 586, 587, 588, 591, 592, 595, 596, 602, 603, 606, 607, 608, 611, 612, 613, 616, 617, 618, 619, 621, 623, 625, 627, 637, 640, 643, 644, 645, 653, 654, 657, 660, 661, 662, 663, 664, 666, 668, 670, 673, 674, 677, 678, 681, 684, 687, 690, 691, 692, 693, 696, 699, 702, 705, 707, 709, 711, 712, 713, 714, 720, 722, 723, 727, 728, 730, 732, 733, 734, 736, 737, 740, 741, 743, 745, 748, 751, 752, 753, 755, 756, 757, 759, 761, 763, 766, 767, 770, 771, 772, 777, 778, 780, 782, 783, 787, 800, 803, 804, 805, 807, 808, 809, 810, 813, 814, 816, 817, 818, 819, 820, 826, 828, 829, 837, 839, 840, 842, 843, 851, 852, 853, 858, 859, 860, 865, 866, 867, 870, 871, 872, 875, 886, 890, 892, 894, 896, 897, 898, 899, 901, 903, 905, 907, 908, 909, 911, 918, 920, 921, 922, 923, 928, 931, 932, 934, 937, 940, 941, 942, 944, 946, 947, 949, 950, 951, 957, 960, 963, 964, 967, 974, 975, 978, 979, 982, 984, 985, 987, 988, 989, 995, 997, 998, 1000, 1001, 1002, 1004, 1005, 1008, 1009, 1011, 1012, 1013, 1019, 1021, 1023, 1024, 1025, 1027, 1028, 1030, 1032, 1041, 1042, 1043, 1044, 1046, 1048, 1049, 1051, 1053, 1054, 1055, 1061, 1063, 1064, 1065, 1067, 1071, 1073, 1074, 1075, 1076, 1077, 1079, 1080, 1082, 1085, 1086, 1087, 1089, 1090, 1095, 1096, 1098, 1101, 1103, 1104, 1105, 1113, 1116, 1127, 1137, 1138, 1139, 1140, 1141, 1142, 1144, 1154, 1155, 1157, 1158, 1159, 1161, 1162, 1163, 1165, 1168, 1169, 1171, 1172, 1173, 1175, 1176, 1180, 1182, 1183, 1184, 1195, 1197, 1199, 1200, 1201, 1203, 1204, 1205, 1207, 1208, 1209, 1211, 1217, 1221, 1222, 1225, 1226, 1229, 1232, 1234, 1237, 1238, 1239, 1240, 1242, 1243, 1245, 1251, 1252, 1255, 1256, 1257, 1258, 1260, 1262, 1263, 1266, 1267, 1271, 1272, 1275, 1279, 1286, 1287, 1288, 1294, 1300, 1302, 1304, 1308, 1309, 1310, 1313, 1314, 1318, 1332, 1336, 1337, 1338, 1339, 1342, 1343, 1346, 1349, 1350, 1351, 1356, 1357, 1360, 1361, 1364, 1366, 1369, 1375, 1377, 1379, 1383, 1384, 1385, 1386, 1389, 1394, 1396, 1398, 1400, 1401, 1403, 1404], "summary": {"covered_lines": 555, "num_statements": 597, "percent_covered": 90.13398294762484, "percent_covered_display": "90.13", "missing_lines": 42, "excluded_lines": 0, "percent_statements_covered": 92.96482412060301, "percent_statements_covered_display": "92.96", "num_branches": 224, "num_partial_branches": 31, "covered_branches": 185, "missing_branches": 39, "percent_branches_covered": 82.58928571428571, "percent_branches_covered_display": "82.59"}, "missing_lines": [496, 533, 718, 774, 822, 823, 824, 913, 914, 915, 916, 952, 953, 954, 1058, 1059, 1068, 1069, 1093, 1124, 1128, 1177, 1218, 1247, 1248, 1276, 1290, 1291, 1292, 1293, 1295, 1296, 1297, 1298, 1305, 1316, 1333, 1380, 1390, 1391, 1392, 1405], "excluded_lines": [], "executed_branches": [[40, 41], [40, 47], [43, 44], [43, 51], [52, 53], [52, 56], [148, -141], [148, 149], [309, 310], [309, 313], [317, 318], [317, 322], [318, 319], [318, 321], [335, 336], [335, 339], [345, 346], [345, 353], [347, 348], [347, 350], [354, 355], [354, 360], [356, 357], [356, 360], [360, 361], [360, 367], [361, 362], [361, 367], [362, 363], [362, 364], [364, 365], [364, 367], [369, 370], [369, 373], [370, 371], [370, 372], [394, 395], [394, 397], [427, 428], [427, 431], [431, 432], [431, 434], [434, 435], [434, 439], [462, 463], [462, 466], [466, 467], [471, 472], [471, 473], [481, 482], [481, 485], [485, 486], [485, 489], [495, 498], [513, 514], [513, 516], [521, 522], [532, 534], [540, -537], [540, 541], [547, -544], [547, 548], [564, 567], [571, 572], [571, 575], [576, 577], [580, 581], [580, 584], [584, 585], [584, 591], [587, 588], [591, 592], [591, 595], [595, 596], [595, 602], [602, 603], [602, 606], [607, 608], [607, 611], [612, 613], [612, 616], [618, 619], [618, 621], [690, 691], [690, 696], [692, 690], [692, 693], [711, 712], [711, 713], [713, 714], [736, 737], [736, 740], [753, 755], [753, 759], [756, 757], [771, 772], [807, 808], [807, 828], [813, 814], [813, 826], [819, 820], [828, 829], [828, 837], [837, 839], [837, 851], [842, 843], [852, 853], [852, 858], [859, 860], [859, 865], [866, 867], [866, 870], [871, 872], [871, 875], [897, -894], [897, 898], [921, 922], [940, 941], [940, 944], [951, 957], [1024, 1025], [1024, 1027], [1027, 1028], [1027, 1030], [1051, 1053], [1067, -1061], [1086, 1087], [1101, 1103], [1104, 1105], [1104, 1113], [1127, 1137], [1137, 1138], [1137, 1139], [1139, 1140], [1139, 1141], [1157, 1158], [1157, 1195], [1158, 1159], [1158, 1161], [1162, 1163], [1162, 1165], [1171, 1157], [1171, 1172], [1172, 1173], [1172, 1175], [1176, 1180], [1180, 1171], [1180, 1182], [1183, 1171], [1183, 1184], [1199, 1200], [1199, 1201], [1217, 1221], [1225, 1226], [1225, 1229], [1238, 1239], [1239, 1238], [1239, 1240], [1245, 1251], [1266, 1267], [1266, 1271], [1271, 1272], [1271, 1275], [1275, 1279], [1286, 1287], [1286, 1300], [1287, 1286], [1287, 1288], [1288, 1294], [1294, 1287], [1304, 1308], [1309, 1310], [1309, 1313], [1313, 1314], [1332, 1336], [1337, 1338], [1337, 1342], [1338, 1337], [1338, 1339], [1342, 1343], [1342, 1346], [1379, 1383], [1384, 1385], [1384, 1389], [1389, 1394]], "missing_branches": [[466, -457], [495, 496], [521, 524], [532, 533], [564, 570], [576, 580], [587, 591], [713, 718], [756, 759], [771, 774], [819, 822], [842, 851], [914, -911], [914, 915], [921, -918], [951, 952], [1051, 1058], [1067, 1068], [1086, 1093], [1101, 1124], [1127, 1128], [1176, 1177], [1217, 1218], [1238, 1245], [1245, 1247], [1275, 1276], [1288, 1290], [1292, 1293], [1292, 1294], [1294, 1295], [1297, 1287], [1297, 1298], [1304, 1305], [1313, 1316], [1332, 1333], [1379, 1380], [1389, 1390], [1391, 1392], [1391, 1394]], "functions": {"invalidate_cache_on_change": {"executed_lines": [37, 38, 59], "summary": {"covered_lines": 3, "num_statements": 3, "percent_covered": 100.0, "percent_covered_display": "100.00", "missing_lines": 0, "excluded_lines": 0, "percent_statements_covered": 100.0, "percent_statements_covered_display": "100.00", "num_branches": 0, "num_partial_branches": 0, "covered_branches": 0, "missing_branches": 0, "percent_branches_covered": 100.0, "percent_branches_covered_display": "100.00"}, "missing_lines": [], "excluded_lines": [], "executed_branches": [], "missing_branches": []}, "invalidate_cache_on_change.wrapper": {"executed_lines": [40, 41, 42, 43, 44, 45, 47, 48, 51, 52, 53, 56, 57, 58], "summary": {"covered_lines": 14, "num_statements": 14, "percent_covered": 100.0, "percent_covered_display": "100.00", "missing_lines": 0, "excluded_lines": 0, "percent_statements_covered": 100.0, "percent_statements_covered_display": "100.00", "num_branches": 6, "num_partial_branches": 0, "covered_branches": 6, "missing_branches": 0, "percent_branches_covered": 100.0, "percent_branches_covered_display": "100.00"}, "missing_lines": [], "excluded_lines": [], "executed_branches": [[40, 41], [40, 47], [43, 44], [43, 51], [52, 53], [52, 56]], "missing_branches": []}, "setup_logging": {"executed_lines": [72, 73, 75], "summary": {"covered_lines": 3, "num_statements": 3, "percent_covered": 100.0, "percent_covered_display": "100.00", "missing_lines": 0, "excluded_lines": 0, "percent_statements_covered": 100.0, "percent_statements_covered_display": "100.00", "num_branches": 0, "num_partial_branches": 0, "covered_branches": 0, "missing_branches": 0, "percent_branches_covered": 100.0, "percent_branches_covered_display": "100.00"}, "missing_lines": [], "excluded_lines": [], "executed_branches": [], "missing_branches": []}, "TaxData.__init__": {"executed_lines": [96, 99, 108, 118, 121, 124, 127, 139], "summary": {"covered_lines": 8, "num_statements": 8, "percent_covered": 100.0, "percent_covered_display": "100.00", "missing_lines": 0, "excluded_lines": 0, "percent_statements_covered": 100.0, "percent_statements_covered_display": "100.00", "num_branches": 0, "num_partial_branches": 0, "covered_branches": 0, "missing_branches": 0, "percent_branches_covered": 100.0, "percent_branches_covered_display": "100.00"}, "missing_lines": [], "excluded_lines": [], "executed_branches": [], "missing_branches": []}, "TaxData._initialize_year_data": {"executed_lines": [148, 149], "summary": {"covered_lines": 2, "num_statements": 2, "percent_covered": 100.0, "percent_covered_display": "100.00", "missing_lines": 0, "excluded_lines": 0, "percent_statements_covered": 100.0, "percent_statements_covered_display": "100.00", "num_branches": 2, "num_partial_branches": 0, "covered_branches": 2, "missing_branches": 0, "percent_branches_covered": 100.0, "percent_branches_covered_display": "100.00"}, "missing_lines": [], "excluded_lines": [], "executed_branches": [[148, -141], [148, 149]], "missing_branches": []}, "TaxData.get": {"executed_lines": [309, 310, 313, 315, 316, 317, 318, 319, 321, 322], "summary": {"covered_lines": 10, "num_statements": 10, "percent_covered": 100.0, "percent_covered_display": "100.00", "missing_lines": 0, "excluded_lines": 0, "percent_statements_covered": 100.0, "percent_statements_covered_display": "100.00", "num_branches": 6, "num_partial_branches": 0, "covered_branches": 6, "missing_branches": 0, "percent_branches_covered": 100.0, "percent_branches_covered_display": "100.00"}, "missing_lines": [], "excluded_lines": [], "executed_branches": [[309, 310], [309, 313], [317, 318], [317, 322], [318, 319], [318, 321]], "missing_branches": []}, "TaxData.set": {"executed_lines": [335, 336, 339, 342, 345, 346, 347, 348, 349, 350, 353, 354, 355, 356, 357, 360, 361, 362, 363, 364, 365, 367, 368, 369, 370, 371, 372, 373, 376, 377, 379, 382], "summary": {"covered_lines": 32, "num_statements": 32, "percent_covered": 100.0, "percent_covered_display": "100.00", "missing_lines": 0, "excluded_lines": 0, "percent_statements_covered": 100.0, "percent_statements_covered_display": "100.00", "num_branches": 22, "num_partial_branches": 0, "covered_branches": 22, "missing_branches": 0, "percent_branches_covered": 100.0, "percent_branches_covered_display": "100.00"}, "missing_lines": [], "excluded_lines": [], "executed_branches": [[335, 336], [335, 339], [345, 346], [345, 353], [347, 348], [347, 350], [354, 355], [354, 360], [356, 357], [356, 360], [360, 361], [360, 367], [361, 362], [361, 367], [362, 363], [362, 364], [364, 365], [364, 367], [369, 370], [369, 373], [370, 371], [370, 372]], "missing_branches": []}, "TaxData.get_current_year": {"executed_lines": [390], "summary": {"covered_lines": 1, "num_statements": 1, "percent_covered": 100.0, "percent_covered_display": "100.00", "missing_lines": 0, "excluded_lines": 0, "percent_statements_covered": 100.0, "percent_statements_covered_display": "100.00", "num_branches": 0, "num_partial_branches": 0, "covered_branches": 0, "missing_branches": 0, "percent_branches_covered": 100.0, "percent_branches_covered_display": "100.00"}, "missing_lines": [], "excluded_lines": [], "executed_branches": [], "missing_branches": []}, "TaxData.set_current_year": {"executed_lines": [394, 395, 397, 398, 401, 403, 406], "summary": {"covered_lines": 7, "num_statements": 7, "percent_covered": 100.0, "percent_covered_display": "100.00", "missing_lines": 0, "excluded_lines": 0, "percent_statements_covered": 100.0, "percent_statements_covered_display": "100.00", "num_branches": 2, "num_partial_branches": 0, "covered_branches": 2, "missing_branches": 0, "percent_branches_covered": 100.0, "percent_branches_covered_display": "100.00"}, "missing_lines": [], "excluded_lines": [], "executed_branches": [[394, 395], [394, 397]], "missing_branches": []}, "TaxData.get_available_years": {"executed_lines": [414], "summary": {"covered_lines": 1, "num_statements": 1, "percent_covered": 100.0, "percent_covered_display": "100.00", "missing_lines": 0, "excluded_lines": 0, "percent_statements_covered": 100.0, "percent_statements_covered_display": "100.00", "num_branches": 0, "num_partial_branches": 0, "covered_branches": 0, "missing_branches": 0, "percent_branches_covered": 100.0, "percent_branches_covered_display": "100.00"}, "missing_lines": [], "excluded_lines": [], "executed_branches": [], "missing_branches": []}, "TaxData.create_new_year": {"executed_lines": [427, 428, 429, 431, 432, 434, 435, 436, 439, 440, 443, 452, 454, 455], "summary": {"covered_lines": 14, "num_statements": 14, "percent_covered": 100.0, "percent_covered_display": "100.00", "missing_lines": 0, "excluded_lines": 0, "percent_statements_covered": 100.0, "percent_statements_covered_display": "100.00", "num_branches": 6, "num_partial_branches": 0, "covered_branches": 6, "missing_branches": 0, "percent_branches_covered": 100.0, "percent_branches_covered_display": "100.00"}, "missing_lines": [], "excluded_lines": [], "executed_branches": [[427, 428], [427, 431], [431, 432], [431, 434], [434, 435], [434, 439]], "missing_branches": []}, "TaxData._clear_calculated_fields": {"executed_lines": [459, 462, 463, 466, 467], "summary": {"covered_lines": 5, "num_statements": 5, "percent_covered": 88.88888888888889, "percent_covered_display": "88.89", "missing_lines": 0, "excluded_lines": 0, "percent_statements_covered": 100.0, "percent_statements_covered_display": "100.00", "num_branches": 4, "num_partial_branches": 1, "covered_branches": 3, "missing_branches": 1, "percent_branches_covered": 75.0, "percent_branches_covered_display": "75.00"}, "missing_lines": [], "excluded_lines": [], "executed_branches": [[462, 463], [462, 466], [466, 467]], "missing_branches": [[466, -457]]}, "TaxData.get_year_data": {"executed_lines": [471, 472, 473], "summary": {"covered_lines": 3, "num_statements": 3, "percent_covered": 100.0, "percent_covered_display": "100.00", "missing_lines": 0, "excluded_lines": 0, "percent_statements_covered": 100.0, "percent_statements_covered_display": "100.00", "num_branches": 2, "num_partial_branches": 0, "covered_branches": 2, "missing_branches": 0, "percent_branches_covered": 100.0, "percent_branches_covered_display": "100.00"}, "missing_lines": [], "excluded_lines": [], "executed_branches": [[471, 472], [471, 473]], "missing_branches": []}, "TaxData.delete_year": {"executed_lines": [481, 482, 483, 485, 486, 487, 489, 490, 491], "summary": {"covered_lines": 9, "num_statements": 9, "percent_covered": 100.0, "percent_covered_display": "100.00", "missing_lines": 0, "excluded_lines": 0, "percent_statements_covered": 100.0, "percent_statements_covered_display": "100.00", "num_branches": 4, "num_partial_branches": 0, "covered_branches": 4, "missing_branches": 0, "percent_branches_covered": 100.0, "percent_branches_covered_display": "100.00"}, "missing_lines": [], "excluded_lines": [], "executed_branches": [[481, 482], [481, 485], [485, 486], [485, 489]], "missing_branches": []}, "TaxData.copy_personal_info_to_year": {"executed_lines": [495, 498, 499, 502, 505, 509], "summary": {"covered_lines": 6, "num_statements": 7, "percent_covered": 77.77777777777777, "percent_covered_display": "77.78", "missing_lines": 1, "excluded_lines": 0, "percent_statements_covered": 85.71428571428571, "percent_statements_covered_display": "85.71", "num_branches": 2, "num_partial_branches": 1, "covered_branches": 1, "missing_branches": 1, "percent_branches_covered": 50.0, "percent_branches_covered_display": "50.00"}, "missing_lines": [496], "excluded_lines": [], "executed_branches": [[495, 498]], "missing_branches": [[495, 496]]}, "TaxData.get_section": {"executed_lines": [513, 514, 516, 517], "summary": {"covered_lines": 4, "num_statements": 4, "percent_covered": 100.0, "percent_covered_display": "100.00", "missing_lines": 0, "excluded_lines": 0, "percent_statements_covered": 100.0, "percent_statements_covered_display": "100.00", "num_branches": 2, "num_partial_branches": 0, "covered_branches": 2, "missing_branches": 0, "percent_branches_covered": 100.0, "percent_branches_covered_display": "100.00"}, "missing_lines": [], "excluded_lines": [], "executed_branches": [[513, 514], [513, 516]], "missing_branches": []}, "TaxData.set_section": {"executed_lines": [521, 522, 524, 525, 526, 527], "summary": {"covered_lines": 6, "num_statements": 6, "percent_covered": 87.5, "percent_covered_display": "87.50", "missing_lines": 0, "excluded_lines": 0, "percent_statements_covered": 100.0, "percent_statements_covered_display": "100.00", "num_branches": 2, "num_partial_branches": 1, "covered_branches": 1, "missing_branches": 1, "percent_branches_covered": 50.0, "percent_branches_covered_display": "50.00"}, "missing_lines": [], "excluded_lines": [], "executed_branches": [[521, 522]], "missing_branches": [[521, 524]]}, "TaxData.add_to_list": {"executed_lines": [531, 532, 534, 535], "summary": {"covered_lines": 4, "num_statements": 5, "percent_covered": 71.42857142857143, "percent_covered_display": "71.43", "missing_lines": 1, "excluded_lines": 0, "percent_statements_covered": 80.0, "percent_statements_covered_display": "80.00", "num_branches": 2, "num_partial_branches": 1, "covered_branches": 1, "missing_branches": 1, "percent_branches_covered": 50.0, "percent_branches_covered_display": "50.00"}, "missing_lines": [533], "excluded_lines": [], "executed_branches": [[532, 534]], "missing_branches": [[532, 533]]}, "TaxData.remove_from_list": {"executed_lines": [539, 540, 541, 542], "summary": {"covered_lines": 4, "num_statements": 4, "percent_covered": 100.0, "percent_covered_display": "100.00", "missing_lines": 0, "excluded_lines": 0, "percent_statements_covered": 100.0, "percent_statements_covered_display": "100.00", "num_branches": 2, "num_partial_branches": 0, "covered_branches": 2, "missing_branches": 0, "percent_branches_covered": 100.0, "percent_branches_covered_display": "100.00"}, "missing_lines": [], "excluded_lines": [], "executed_branches": [[540, -537], [540, 541]], "missing_branches": []}, "TaxData.update_in_list": {"executed_lines": [546, 547, 548, 549], "summary": {"covered_lines": 4, "num_statements": 4, "percent_covered": 100.0, "percent_covered_display": "100.00", "missing_lines": 0, "excluded_lines": 0, "percent_statements_covered": 100.0, "percent_statements_covered_display": "100.00", "num_branches": 2, "num_partial_branches": 0, "covered_branches": 2, "missing_branches": 0, "percent_branches_covered": 100.0, "percent_branches_covered_display": "100.00"}, "missing_lines": [], "excluded_lines": [], "executed_branches": [[547, -544], [547, 548]], "missing_branches": []}, "TaxData.get_required_forms": {"executed_lines": [553, 556, 559, 564, 567, 570, 571, 572, 575, 576, 577, 580, 581, 584, 585, 586, 587, 588, 591, 592, 595, 596, 602, 603, 606, 607, 608, 611, 612, 613, 616, 617, 618, 619, 621], "summary": {"covered_lines": 35, "num_statements": 35, "percent_covered": 94.91525423728814, "percent_covered_display": "94.92", "missing_lines": 0, "excluded_lines": 0, "percent_statements_covered": 100.0, "percent_statements_covered_display": "100.00", "num_branches": 24, "num_partial_branches": 3, "covered_branches": 21, "missing_branches": 3, "percent_branches_covered": 87.5, "percent_branches_covered_display": "87.50"}, "missing_lines": [], "excluded_lines": [], "executed_branches": [[564, 567], [571, 572], [571, 575], [576, 577], [580, 581], [580, 584], [584, 585], [584, 591], [587, 588], [591, 592], [591, 595], [595, 596], [595, 602], [602, 603], [602, 606], [607, 608], [607, 611], [612, 613], [612, 616], [618, 619], [618, 621]], "missing_branches": [[564, 570], [576, 580], [587, 591]]}, "TaxData.calculate_totals": {"executed_lines": [625, 627, 637, 640, 643, 644, 645, 653, 654, 657, 660, 661, 662, 663, 664, 666], "summary": {"covered_lines": 16, "num_statements": 16, "percent_covered": 100.0, "percent_covered_display": "100.00", "missing_lines": 0, "excluded_lines": 0, "percent_statements_covered": 100.0, "percent_statements_covered_display": "100.00", "num_branches": 0, "num_partial_branches": 0, "covered_branches": 0, "missing_branches": 0, "percent_branches_covered": 100.0, "percent_branches_covered_display": "100.00"}, "missing_lines": [], "excluded_lines": [], "executed_branches": [], "missing_branches": []}, "TaxData._calculate_total_income": {"executed_lines": [670, 673, 674, 677, 678, 681, 684, 687, 690, 691, 692, 693, 696, 699, 702, 705, 707], "summary": {"covered_lines": 17, "num_statements": 17, "percent_covered": 100.0, "percent_covered_display": "100.00", "missing_lines": 0, "excluded_lines": 0, "percent_statements_covered": 100.0, "percent_statements_covered_display": "100.00", "num_branches": 4, "num_partial_branches": 0, "covered_branches": 4, "missing_branches": 0, "percent_branches_covered": 100.0, "percent_branches_covered_display": "100.00"}, "missing_lines": [], "excluded_lines": [], "executed_branches": [[690, 691], [690, 696], [692, 690], [692, 693]], "missing_branches": []}, "TaxData._calculate_unemployment_income": {"executed_lines": [711, 712, 713, 714], "summary": {"covered_lines": 4, "num_statements": 5, "percent_covered": 77.77777777777777, "percent_covered_display": "77.78", "missing_lines": 1, "excluded_lines": 0, "percent_statements_covered": 80.0, "percent_statements_covered_display": "80.00", "num_branches": 4, "num_partial_branches": 1, "covered_branches": 3, "missing_branches": 1, "percent_branches_covered": 75.0, "percent_branches_covered_display": "75.00"}, "missing_lines": [718], "excluded_lines": [], "executed_branches": [[711, 712], [711, 713], [713, 714]], "missing_branches": [[713, 718]]}, "TaxData._calculate_agi": {"executed_lines": [722, 723, 727, 728], "summary": {"covered_lines": 4, "num_statements": 4, "percent_covered": 100.0, "percent_covered_display": "100.00", "missing_lines": 0, "excluded_lines": 0, "percent_statements_covered": 100.0, "percent_statements_covered_display": "100.00", "num_branches": 0, "num_partial_branches": 0, "covered_branches": 0, "missing_branches": 0, "percent_branches_covered": 100.0, "percent_branches_covered_display": "100.00"}, "missing_lines": [], "excluded_lines": [], "executed_branches": [], "missing_branches": []}, "TaxData._calculate_taxable_income": {"executed_lines": [732, 733, 734, 736, 737, 740, 741, 743], "summary": {"covered_lines": 8, "num_statements": 8, "percent_covered": 100.0, "percent_covered_display": "100.00", "missing_lines": 0, "excluded_lines": 0, "percent_statements_covered": 100.0, "percent_statements_covered_display": "100.00", "num_branches": 2, "num_partial_branches": 0, "covered_branches": 2, "missing_branches": 0, "percent_branches_covered": 100.0, "percent_branches_covered_display": "100.00"}, "missing_lines": [], "excluded_lines": [], "executed_branches": [[736, 737], [736, 740]], "missing_branches": []}, "TaxData._calculate_total_tax": {"executed_lines": [748, 751, 752, 753, 755, 756, 757, 759], "summary": {"covered_lines": 8, "num_statements": 8, "percent_covered": 91.66666666666667, "percent_covered_display": "91.67", "missing_lines": 0, "excluded_lines": 0, "percent_statements_covered": 100.0, "percent_statements_covered_display": "100.00", "num_branches": 4, "num_partial_branches": 1, "covered_branches": 3, "missing_branches": 1, "percent_branches_covered": 75.0, "percent_branches_covered_display": "75.00"}, "missing_lines": [], "excluded_lines": [], "executed_branches": [[753, 755], [753, 759], [756, 757]], "missing_branches": [[756, 759]]}, "TaxData._calculate_total_payments": {"executed_lines": [763, 766, 767, 770, 771, 772, 777, 778, 780], "summary": {"covered_lines": 9, "num_statements": 10, "percent_covered": 83.33333333333333, "percent_covered_display": "83.33", "missing_lines": 1, "excluded_lines": 0, "percent_statements_covered": 90.0, "percent_statements_covered_display": "90.00", "num_branches": 2, "num_partial_branches": 1, "covered_branches": 1, "missing_branches": 1, "percent_branches_covered": 50.0, "percent_branches_covered_display": "50.00"}, "missing_lines": [774], "excluded_lines": [], "executed_branches": [[771, 772]], "missing_branches": [[771, 774]]}, "TaxData.calculate_credits": {"executed_lines": [787, 800, 803, 804, 805, 807, 808, 809, 810, 813, 814, 816, 817, 818, 819, 820, 826, 828, 829, 837, 839, 840, 842, 843, 851, 852, 853, 858, 859, 860, 865, 866, 867, 870, 871, 872, 875, 886], "summary": {"covered_lines": 38, "num_statements": 41, "percent_covered": 91.80327868852459, "percent_covered_display": "91.80", "missing_lines": 3, "excluded_lines": 0, "percent_statements_covered": 92.6829268292683, "percent_statements_covered_display": "92.68", "num_branches": 20, "num_partial_branches": 2, "covered_branches": 18, "missing_branches": 2, "percent_branches_covered": 90.0, "percent_branches_covered_display": "90.00"}, "missing_lines": [822, 823, 824], "excluded_lines": [], "executed_branches": [[807, 808], [807, 828], [813, 814], [813, 826], [819, 820], [828, 829], [828, 837], [837, 839], [837, 851], [842, 843], [852, 853], [852, 858], [859, 860], [859, 865], [866, 867], [866, 870], [871, 872], [871, 875]], "missing_branches": [[819, 822], [842, 851]]}, "TaxData.add_w2_form": {"executed_lines": [892], "summary": {"covered_lines": 1, "num_statements": 1, "percent_covered": 100.0, "percent_covered_display": "100.00", "missing_lines": 0, "excluded_lines": 0, "percent_statements_covered": 100.0, "percent_statements_covered_display": "100.00", "num_branches": 0, "num_partial_branches": 0, "covered_branches": 0, "missing_branches": 0, "percent_branches_covered": 100.0, "percent_branches_covered_display": "100.00"}, "missing_lines": [], "excluded_lines": [], "executed_branches": [], "missing_branches": []}, "TaxData.update_w2_form": {"executed_lines": [896, 897, 898, 899], "summary": {"covered_lines": 4, "num_statements": 4, "percent_covered": 100.0, "percent_covered_display": "100.00", "missing_lines": 0, "excluded_lines": 0, "percent_statements_covered": 100.0, "percent_statements_covered_display": "100.00", "num_branches": 2, "num_partial_branches": 0, "covered_branches": 2, "missing_branches": 0, "percent_branches_covered": 100.0, "percent_branches_covered_display": "100.00"}, "missing_lines": [], "excluded_lines": [], "executed_branches": [[897, -894], [897, 898]], "missing_branches": []}, "TaxData.delete_w2_form": {"executed_lines": [903], "summary": {"covered_lines": 1, "num_statements": 1, "percent_covered": 100.0, "percent_covered_display": "100.00", "missing_lines": 0, "excluded_lines": 0, "percent_statements_covered": 100.0, "percent_statements_covered_display": "100.00", "num_branches": 0, "num_partial_branches": 0, "covered_branches": 0, "missing_branches": 0, "percent_branches_covered": 100.0, "percent_branches_covered_display": "100.00"}, "missing_lines": [], "excluded_lines": [], "executed_branches": [], "missing_branches": []}, "TaxData.add_dependent": {"executed_lines": [907, 908, 909], "summary": {"covered_lines": 3, "num_statements": 3, "percent_covered": 100.0, "percent_covered_display": "100.00", "missing_lines": 0, "excluded_lines": 0, "percent_statements_covered": 100.0, "percent_statements_covered_display": "100.00", "num_branches": 0, "num_partial_branches": 0, "covered_branches": 0, "missing_branches": 0, "percent_branches_covered": 100.0, "percent_branches_covered_display": "100.00"}, "missing_lines": [], "excluded_lines": [], "executed_branches": [], "missing_branches": []}, "TaxData.update_dependent": {"executed_lines": [], "summary": {"covered_lines": 0, "num_statements": 4, "percent_covered": 0.0, "percent_covered_display": "0.00", "missing_lines": 4, "excluded_lines": 0, "percent_statements_covered": 0.0, "percent_statements_covered_display": "0.00", "num_branches": 2, "num_partial_branches": 0, "covered_branches": 0, "missing_branches": 2, "percent_branches_covered": 0.0, "percent_branches_covered_display": "0.00"}, "missing_lines": [913, 914, 915, 916], "excluded_lines": [], "executed_branches": [], "missing_branches": [[914, -911], [914, 915]]}, "TaxData.delete_dependent": {"executed_lines": [920, 921, 922, 923], "summary": {"covered_lines": 4, "num_statements": 4, "percent_covered": 83.33333333333333, "percent_covered_display": "83.33", "missing_lines": 0, "excluded_lines": 0, "percent_statements_covered": 100.0, "percent_statements_covered_display": "100.00", "num_branches": 2, "num_partial_branches": 1, "covered_branches": 1, "missing_branches": 1, "percent_branches_covered": 50.0, "percent_branches_covered_display": "50.00"}, "missing_lines": [], "excluded_lines": [], "executed_branches": [[921, 922]], "missing_branches": [[921, -918]]}, "TaxData._get_integrity_key": {"executed_lines": [931, 932], "summary": {"covered_lines": 2, "num_statements": 2, "percent_covered": 100.0, "percent_covered_display": "100.00", "missing_lines": 0, "excluded_lines": 0, "percent_statements_covered": 100.0, "percent_statements_covered_display": "100.00", "num_branches": 0, "num_partial_branches": 0, "covered_branches": 0, "missing_branches": 0, "percent_branches_covered": 100.0, "percent_branches_covered_display": "100.00"}, "missing_lines": [], "excluded_lines": [], "executed_branches": [], "missing_branches": []}, "TaxData._validate_path": {"executed_lines": [937, 940, 941, 942, 944], "summary": {"covered_lines": 5, "num_statements": 5, "percent_covered": 100.0, "percent_covered_display": "100.00", "missing_lines": 0, "excluded_lines": 0, "percent_statements_covered": 100.0, "percent_statements_covered_display": "100.00", "num_branches": 2, "num_partial_branches": 0, "covered_branches": 2, "missing_branches": 0, "percent_branches_covered": 100.0, "percent_branches_covered_display": "100.00"}, "missing_lines": [], "excluded_lines": [], "executed_branches": [[940, 941], [940, 944]], "missing_branches": []}, "TaxData.save_to_file": {"executed_lines": [949, 950, 951, 957, 960, 963, 964, 967, 974, 975, 978, 979, 982, 984, 985, 987, 988, 989, 995], "summary": {"covered_lines": 19, "num_statements": 22, "percent_covered": 83.33333333333333, "percent_covered_display": "83.33", "missing_lines": 3, "excluded_lines": 0, "percent_statements_covered": 86.36363636363636, "percent_statements_covered_display": "86.36", "num_branches": 2, "num_partial_branches": 1, "covered_branches": 1, "missing_branches": 1, "percent_branches_covered": 50.0, "percent_branches_covered_display": "50.00"}, "missing_lines": [952, 953, 954], "excluded_lines": [], "executed_branches": [[951, 957]], "missing_branches": [[951, 952]]}, "TaxData.load_from_file": {"executed_lines": [1000, 1001, 1002, 1004, 1005, 1008, 1009, 1011, 1012, 1013, 1019], "summary": {"covered_lines": 11, "num_statements": 11, "percent_covered": 100.0, "percent_covered_display": "100.00", "missing_lines": 0, "excluded_lines": 0, "percent_statements_covered": 100.0, "percent_statements_covered_display": "100.00", "num_branches": 0, "num_partial_branches": 0, "covered_branches": 0, "missing_branches": 0, "percent_branches_covered": 100.0, "percent_branches_covered_display": "100.00"}, "missing_lines": [], "excluded_lines": [], "executed_branches": [], "missing_branches": []}, "TaxData._resolve_file_path": {"executed_lines": [1023, 1024, 1025, 1027, 1028, 1030], "summary": {"covered_lines": 6, "num_statements": 6, "percent_covered": 100.0, "percent_covered_display": "100.00", "missing_lines": 0, "excluded_lines": 0, "percent_statements_covered": 100.0, "percent_statements_covered_display": "100.00", "num_branches": 4, "num_partial_branches": 0, "covered_branches": 4, "missing_branches": 0, "percent_branches_covered": 100.0, "percent_branches_covered_display": "100.00"}, "missing_lines": [], "excluded_lines": [], "executed_branches": [[1024, 1025], [1024, 1027], [1027, 1028], [1027, 1030]], "missing_branches": []}, "TaxData._load_file_data": {"executed_lines": [1041, 1042, 1043, 1044], "summary": {"covered_lines": 4, "num_statements": 4, "percent_covered": 100.0, "percent_covered_display": "100.00", "missing_lines": 0, "excluded_lines": 0, "percent_statements_covered": 100.0, "percent_statements_covered_display": "100.00", "num_branches": 0, "num_partial_branches": 0, "covered_branches": 0, "missing_branches": 0, "percent_branches_covered": 100.0, "percent_branches_covered_display": "100.00"}, "missing_lines": [], "excluded_lines": [], "executed_branches": [], "missing_branches": []}, "TaxData._load_encrypted_data": {"executed_lines": [1048, 1049, 1051, 1053, 1054, 1055], "summary": {"covered_lines": 6, "num_statements": 8, "percent_covered": 70.0, "percent_covered_display": "70.00", "missing_lines": 2, "excluded_lines": 0, "percent_statements_covered": 75.0, "percent_statements_covered_display": "75.00", "num_branches": 2, "num_partial_branches": 1, "covered_branches": 1, "missing_branches": 1, "percent_branches_covered": 50.0, "percent_branches_covered_display": "50.00"}, "missing_lines": [1058, 1059], "excluded_lines": [], "executed_branches": [[1051, 1053]], "missing_branches": [[1051, 1058]]}, "TaxData._verify_data_integrity": {"executed_lines": [1063, 1064, 1065, 1067], "summary": {"covered_lines": 4, "num_statements": 6, "percent_covered": 62.5, "percent_covered_display": "62.50", "missing_lines": 2, "excluded_lines": 0, "percent_statements_covered": 66.66666666666667, "percent_statements_covered_display": "66.67", "num_branches": 2, "num_partial_branches": 1, "covered_branches": 1, "missing_branches": 1, "percent_branches_covered": 50.0, "percent_branches_covered_display": "50.00"}, "missing_lines": [1068, 1069], "excluded_lines": [], "executed_branches": [[1067, -1061]], "missing_branches": [[1067, 1068]]}, "TaxData._load_plaintext_fallback": {"executed_lines": [1073, 1074, 1075, 1076, 1077, 1079, 1080], "summary": {"covered_lines": 7, "num_statements": 7, "percent_covered": 100.0, "percent_covered_display": "100.00", "missing_lines": 0, "excluded_lines": 0, "percent_statements_covered": 100.0, "percent_statements_covered_display": "100.00", "num_branches": 0, "num_partial_branches": 0, "covered_branches": 0, "missing_branches": 0, "percent_branches_covered": 100.0, "percent_branches_covered_display": "100.00"}, "missing_lines": [], "excluded_lines": [], "executed_branches": [], "missing_branches": []}, "TaxData.to_dict": {"executed_lines": [1085, 1086, 1087, 1089, 1090], "summary": {"covered_lines": 5, "num_statements": 6, "percent_covered": 75.0, "percent_covered_display": "75.00", "missing_lines": 1, "excluded_lines": 0, "percent_statements_covered": 83.33333333333333, "percent_statements_covered_display": "83.33", "num_branches": 2, "num_partial_branches": 1, "covered_branches": 1, "missing_branches": 1, "percent_branches_covered": 50.0, "percent_branches_covered_display": "50.00"}, "missing_lines": [1093], "excluded_lines": [], "executed_branches": [[1086, 1087]], "missing_branches": [[1086, 1093]]}, "TaxData.from_dict": {"executed_lines": [1098, 1101, 1103, 1104, 1105, 1113, 1116, 1127, 1137, 1138, 1139, 1140, 1141, 1142], "summary": {"covered_lines": 14, "num_statements": 16, "percent_covered": 84.61538461538461, "percent_covered_display": "84.62", "missing_lines": 2, "excluded_lines": 0, "percent_statements_covered": 87.5, "percent_statements_covered_display": "87.50", "num_branches": 10, "num_partial_branches": 2, "covered_branches": 8, "missing_branches": 2, "percent_branches_covered": 80.0, "percent_branches_covered_display": "80.00"}, "missing_lines": [1124, 1128], "excluded_lines": [], "executed_branches": [[1101, 1103], [1104, 1105], [1104, 1113], [1127, 1137], [1137, 1138], [1137, 1139], [1139, 1140], [1139, 1141]], "missing_branches": [[1101, 1124], [1127, 1128]]}, "TaxData.detect_wash_sales": {"executed_lines": [1154, 1155, 1157, 1158, 1159, 1161, 1162, 1163, 1165, 1168, 1169, 1171, 1172, 1173, 1175, 1176, 1180, 1182, 1183, 1184, 1195], "summary": {"covered_lines": 21, "num_statements": 22, "percent_covered": 94.73684210526316, "percent_covered_display": "94.74", "missing_lines": 1, "excluded_lines": 0, "percent_statements_covered": 95.45454545454545, "percent_statements_covered_display": "95.45", "num_branches": 16, "num_partial_branches": 1, "covered_branches": 15, "missing_branches": 1, "percent_branches_covered": 93.75, "percent_branches_covered_display": "93.75"}, "missing_lines": [1177], "excluded_lines": [], "executed_branches": [[1157, 1158], [1157, 1195], [1158, 1159], [1158, 1161], [1162, 1163], [1162, 1165], [1171, 1157], [1171, 1172], [1172, 1173], [1172, 1175], [1176, 1180], [1180, 1171], [1180, 1182], [1183, 1171], [1183, 1184]], "missing_branches": [[1176, 1177]]}, "TaxData._parse_date": {"executed_lines": [1199, 1200, 1201, 1203, 1204, 1205, 1207, 1208, 1209], "summary": {"covered_lines": 9, "num_statements": 9, "percent_covered": 100.0, "percent_covered_display": "100.00", "missing_lines": 0, "excluded_lines": 0, "percent_statements_covered": 100.0, "percent_statements_covered_display": "100.00", "num_branches": 2, "num_partial_branches": 0, "covered_branches": 2, "missing_branches": 0, "percent_branches_covered": 100.0, "percent_branches_covered_display": "100.00"}, "missing_lines": [], "excluded_lines": [], "executed_branches": [[1199, 1200], [1199, 1201]], "missing_branches": []}, "TaxData._are_similar_securities": {"executed_lines": [1217, 1221, 1222, 1225, 1226, 1229, 1262, 1263, 1266, 1267, 1271, 1272, 1275, 1279, 1286, 1287, 1288, 1294, 1300], "summary": {"covered_lines": 19, "num_statements": 29, "percent_covered": 64.70588235294117, "percent_covered_display": "64.71", "missing_lines": 10, "excluded_lines": 0, "percent_statements_covered": 65.51724137931035, "percent_statements_covered_display": "65.52", "num_branches": 22, "num_partial_branches": 4, "covered_branches": 14, "missing_branches": 8, "percent_branches_covered": 63.63636363636363, "percent_branches_covered_display": "63.64"}, "missing_lines": [1218, 1276, 1290, 1291, 1292, 1293, 1295, 1296, 1297, 1298], "excluded_lines": [], "executed_branches": [[1217, 1221], [1225, 1226], [1225, 1229], [1266, 1267], [1266, 1271], [1271, 1272], [1271, 1275], [1275, 1279], [1286, 1287], [1286, 1300], [1287, 1286], [1287, 1288], [1288, 1294], [1294, 1287]], "missing_branches": [[1217, 1218], [1275, 1276], [1288, 1290], [1292, 1293], [1292, 1294], [1294, 1295], [1297, 1287], [1297, 1298]]}, "TaxData._are_similar_securities.extract_company_and_type": {"executed_lines": [1232, 1234, 1237, 1238, 1239, 1240, 1242, 1243, 1245, 1251, 1252, 1255, 1256, 1257, 1258, 1260], "summary": {"covered_lines": 16, "num_statements": 18, "percent_covered": 83.33333333333333, "percent_covered_display": "83.33", "missing_lines": 2, "excluded_lines": 0, "percent_statements_covered": 88.88888888888889, "percent_statements_covered_display": "88.89", "num_branches": 6, "num_partial_branches": 2, "covered_branches": 4, "missing_branches": 2, "percent_branches_covered": 66.66666666666667, "percent_branches_covered_display": "66.67"}, "missing_lines": [1247, 1248], "excluded_lines": [], "executed_branches": [[1238, 1239], [1239, 1238], [1239, 1240], [1245, 1251]], "missing_branches": [[1238, 1245], [1245, 1247]]}, "TaxData.is_amended_return": {"executed_lines": [1304, 1308, 1309, 1310, 1313, 1314], "summary": {"covered_lines": 6, "num_statements": 8, "percent_covered": 71.42857142857143, "percent_covered_display": "71.43", "missing_lines": 2, "excluded_lines": 0, "percent_statements_covered": 75.0, "percent_statements_covered_display": "75.00", "num_branches": 6, "num_partial_branches": 2, "covered_branches": 4, "missing_branches": 2, "percent_branches_covered": 66.66666666666667, "percent_branches_covered_display": "66.67"}, "missing_lines": [1305, 1316], "excluded_lines": [], "executed_branches": [[1304, 1308], [1309, 1310], [1309, 1313], [1313, 1314]], "missing_branches": [[1304, 1305], [1313, 1316]]}, "TaxData.create_amended_return": {"executed_lines": [1332, 1336, 1337, 1338, 1339, 1342, 1343, 1346, 1349, 1350, 1351, 1356, 1357, 1360, 1361, 1364, 1366, 1369, 1375], "summary": {"covered_lines": 19, "num_statements": 20, "percent_covered": 92.85714285714286, "percent_covered_display": "92.86", "missing_lines": 1, "excluded_lines": 0, "percent_statements_covered": 95.0, "percent_statements_covered_display": "95.00", "num_branches": 8, "num_partial_branches": 1, "covered_branches": 7, "missing_branches": 1, "percent_branches_covered": 87.5, "percent_branches_covered_display": "87.50"}, "missing_lines": [1333], "excluded_lines": [], "executed_branches": [[1332, 1336], [1337, 1338], [1337, 1342], [1338, 1337], [1338, 1339], [1342, 1343], [1342, 1346]], "missing_branches": [[1332, 1333]]}, "TaxData.get_amended_info": {"executed_lines": [1379, 1383, 1384, 1385, 1386, 1389, 1394], "summary": {"covered_lines": 7, "num_statements": 11, "percent_covered": 57.89473684210526, "percent_covered_display": "57.89", "missing_lines": 4, "excluded_lines": 0, "percent_statements_covered": 63.63636363636363, "percent_statements_covered_display": "63.64", "num_branches": 8, "num_partial_branches": 2, "covered_branches": 4, "missing_branches": 4, "percent_branches_covered": 50.0, "percent_branches_covered_display": "50.00"}, "missing_lines": [1380, 1390, 1391, 1392], "excluded_lines": [], "executed_branches": [[1379, 1383], [1384, 1385], [1384, 1389], [1389, 1394]], "missing_branches": [[1379, 1380], [1389, 1390], [1391, 1392], [1391, 1394]]}, "TaxData.save": {"executed_lines": [1398], "summary": {"covered_lines": 1, "num_statements": 1, "percent_covered": 100.0, "percent_covered_display": "100.00", "missing_lines": 0, "excluded_lines": 0, "percent_statements_covered": 100.0, "percent_statements_covered_display": "100.00", "num_branches": 0, "num_partial_branches": 0, "covered_branches": 0, "missing_branches": 0, "percent_branches_covered": 100.0, "percent_branches_covered_display": "100.00"}, "missing_lines": [], "excluded_lines": [], "executed_branches": [], "missing_branches": []}, "TaxData.load": {"executed_lines": [1403, 1404], "summary": {"covered_lines": 2, "num_statements": 3, "percent_covered": 66.66666666666667, "percent_covered_display": "66.67", "missing_lines": 1, "excluded_lines": 0, "percent_statements_covered": 66.66666666666667, "percent_statements_covered_display": "66.67", "num_branches": 0, "num_partial_branches": 0, "covered_branches": 0, "missing_branches": 0, "percent_branches_covered": 100.0, "percent_branches_covered_display": "100.00"}, "missing_lines": [1405], "excluded_lines": [], "executed_branches": [], "missing_branches": []}, "": {"executed_lines": [1, 5, 6, 7, 8, 9, 10, 11, 12, 13, 14, 15, 16, 17, 18, 19, 20, 21, 32, 35, 60, 70, 82, 83, 85, 86, 88, 141, 298, 324, 388, 392, 412, 416, 457, 469, 475, 493, 511, 519, 529, 537, 544, 551, 623, 668, 709, 720, 730, 745, 761, 782, 783, 890, 894, 901, 905, 911, 918, 928, 934, 946, 947, 997, 998, 1021, 1032, 1046, 1061, 1071, 1082, 1095, 1096, 1144, 1197, 1211, 1302, 1318, 1377, 1396, 1400, 1401], "summary": {"covered_lines": 80, "num_statements": 80, "percent_covered": 100.0, "percent_covered_display": "100.00", "missing_lines": 0, "excluded_lines": 0, "percent_statements_covered": 100.0, "percent_statements_covered_display": "100.00", "num_branches": 0, "num_partial_branches": 0, "covered_branches": 0, "missing_branches": 0, "percent_branches_covered": 100.0, "percent_branches_covered_display": "100.00"}, "missing_lines": [], "excluded_lines": [], "executed_branches": [], "missing_branches": []}}, "classes": {"TaxData": {"executed_lines": [96, 99, 108, 118, 121, 124, 127, 139, 148, 149, 309, 310, 313, 315, 316, 317, 318, 319, 321, 322, 335, 336, 339, 342, 345, 346, 347, 348, 349, 350, 353, 354, 355, 356, 357, 360, 361, 362, 363, 364, 365, 367, 368, 369, 370, 371, 372, 373, 376, 377, 379, 382, 390, 394, 395, 397, 398, 401, 403, 406, 414, 427, 428, 429, 431, 432, 434, 435, 436, 439, 440, 443, 452, 454, 455, 459, 462, 463, 466, 467, 471, 472, 473, 481, 482, 483, 485, 486, 487, 489, 490, 491, 495, 498, 499, 502, 505, 509, 513, 514, 516, 517, 521, 522, 524, 525, 526, 527, 531, 532, 534, 535, 539, 540, 541, 542, 546, 547, 548, 549, 553, 556, 559, 564, 567, 570, 571, 572, 575, 576, 577, 580, 581, 584, 585, 586, 587, 588, 591, 592, 595, 596, 602, 603, 606, 607, 608, 611, 612, 613, 616, 617, 618, 619, 621, 625, 627, 637, 640, 643, 644, 645, 653, 654, 657, 660, 661, 662, 663, 664, 666, 670, 673, 674, 677, 678, 681, 684, 687, 690, 691, 692, 693, 696, 699, 702, 705, 707, 711, 712, 713, 714, 722, 723, 727, 728, 732, 733, 734, 736, 737, 740, 741, 743, 748, 751, 752, 753, 755, 756, 757, 759, 763, 766, 767, 770, 771, 772, 777, 778, 780, 787, 800, 803, 804, 805, 807, 808, 809, 810, 813, 814, 816, 817, 818, 819, 820, 826, 828, 829, 837, 839, 840, 842, 843, 851, 852, 853, 858, 859, 860, 865, 866, 867, 870, 871, 872, 875, 886, 892, 896, 897, 898, 899, 903, 907, 908, 909, 920, 921, 922, 923, 931, 932, 937, 940, 941, 942, 944, 949, 950, 951, 957, 960, 963, 964, 967, 974, 975, 978, 979, 982, 984, 985, 987, 988, 989, 995, 1000, 1001, 1002, 1004, 1005, 1008, 1009, 1011, 1012, 1013, 1019, 1023, 1024, 1025, 1027, 1028, 1030, 1041, 1042, 1043, 1044, 1048, 1049, 1051, 1053, 1054, 1055, 1063, 1064, 1065, 1067, 1073, 1074, 1075, 1076, 1077, 1079, 1080, 1085, 1086, 1087, 1089, 1090, 1098, 1101, 1103, 1104, 1105, 1113, 1116, 1127, 1137, 1138, 1139, 1140, 1141, 1142, 1154, 1155, 1157, 1158, 1159, 1161, 1162, 1163, 1165, 1168, 1169, 1171, 1172, 1173, 1175, 1176, 1180, 1182, 1183, 1184, 1195, 1199, 1200, 1201, 1203, 1204, 1205, 1207, 1208, 1209, 1217, 1221, 1222, 1225, 1226, 1229, 1232, 1234, 1237, 1238, 1239, 1240, 1242, 1243, 1245, 1251, 1252, 1255, 1256, 1257, 1258, 1260, 1262, 1263, 1266, 1267, 1271, 1272, 1275, 1279, 1286, 1287, 1288, 1294, 1300, 1304, 1308, 1309, 1310, 1313, 1314, 1332, 1336, 1337, 1338, 1339, 1342, 1343, 1346, 1349, 1350, 1351, 1356, 1357, 1360, 1361, 1364, 1366, 1369, 1375, 1379, 1383, 1384, 1385, 1386, 1389, 1394, 1398, 1403, 1404], "summary": {"covered_lines": 455, "num_statements": 497, "percent_covered": 88.67132867132867, "percent_covered_display": "88.67", "missing_lines": 42, "excluded_lines": 0, "percent_statements_covered": 91.54929577464789, "percent_statements_covered_display": "91.55", "num_branches": 218, "num_partial_branches": 31, "covered_branches": 179, "missing_branches": 39, "percent_branches_covered": 82.11009174311927, "percent_branches_covered_display": "82.11"}, "missing_lines": [496, 533, 718, 774, 822, 823, 824, 913, 914, 915, 916, 952, 953, 954, 1058, 1059, 1068, 1069, 1093, 1124, 1128, 1177, 1218, 1247, 1248, 1276, 1290, 1291, 1292, 1293, 1295, 1296, 1297, 1298, 1305, 1316, 1333, 1380, 1390, 1391, 1392, 1405], "excluded_lines": [], "executed_branches": [[148, -141], [148, 149], [309, 310], [309, 313], [317, 318], [317, 322], [318, 319], [318, 321], [335, 336], [335, 339], [345, 346], [345, 353], [347, 348], [347, 350], [354, 355], [354, 360], [356, 357], [356, 360], [360, 361], [360, 367], [361, 362], [361, 367], [362, 363], [362, 364], [364, 365], [364, 367], [369, 370], [369, 373], [370, 371], [370, 372], [394, 395], [394, 397], [427, 428], [427, 431], [431, 432], [431, 434], [434, 435], [434, 439], [462, 463], [462, 466], [466, 467], [471, 472], [471, 473], [481, 482], [481, 485], [485, 486], [485, 489], [495, 498], [513, 514], [513, 516], [521, 522], [532, 534], [540, -537], [540, 541], [547, -544], [547, 548], [564, 567], [571, 572], [571, 575], [576, 577], [580, 581], [580, 584], [584, 585], [584, 591], [587, 588], [591, 592], [591, 595], [595, 596], [595, 602], [602, 603], [602, 606], [607, 608], [607, 611], [612, 613], [612, 616], [618, 619], [618, 621], [690, 691], [690, 696], [692, 690], [692, 693], [711, 712], [711, 713], [713, 714], [736, 737], [736, 740], [753, 755], [753, 759], [756, 757], [771, 772], [807, 808], [807, 828], [813, 814], [813, 826], [819, 820], [828, 829], [828, 837], [837, 839], [837, 851], [842, 843], [852, 853], [852, 858], [859, 860], [859, 865], [866, 867], [866, 870], [871, 872], [871, 875], [897, -894], [897, 898], [921, 922], [940, 941], [940, 944], [951, 957], [1024, 1025], [1024, 1027], [1027, 1028], [1027, 1030], [1051, 1053], [1067, -1061], [1086, 1087], [1101, 1103], [1104, 1105], [1104, 1113], [1127, 1137], [1137, 1138], [1137, 1139], [1139, 1140], [1139, 1141], [1157, 1158], [1157, 1195], [1158, 1159], [1158, 1161], [1162, 1163], [1162, 1165], [1171, 1157], [1171, 1172], [1172, 1173], [1172, 1175], [1176, 1180], [1180, 1171], [1180, 1182], [1183, 1171], [1183, 1184], [1199, 1200], [1199, 1201], [1217, 1221], [1225, 1226], [1225, 1229], [1238, 1239], [1239, 1238], [1239, 1240], [1245, 1251], [1266, 1267], [1266, 1271], [1271, 1272], [1271, 1275], [1275, 1279], [1286, 1287], [1286, 1300], [1287, 1286], [1287, 1288], [1288, 1294], [1294, 1287], [1304, 1308], [1309, 1310], [1309, 1313], [1313, 1314], [1332, 1336], [1337, 1338], [1337, 1342], [1338, 1337], [1338, 1339], [1342, 1343], [1342, 1346], [1379, 1383], [1384, 1385], [1384, 1389], [1389, 1394]], "missing_branches": [[466, -457], [495, 496], [521, 524], [532, 533], [564, 570], [576, 580], [587, 591], [713, 718], [756, 759], [771, 774], [819, 822], [842, 851], [914, -911], [914, 915], [921, -918], [951, 952], [1051, 1058], [1067, 1068], [1086, 1093], [1101, 1124], [1127, 1128], [1176, 1177], [1217, 1218], [1238, 1245], [1245, 1247], [1275, 1276], [1288, 1290], [1292, 1293], [1292, 1294], [1294, 1295], [1297, 1287], [1297, 1298], [1304, 1305], [1313, 1316], [1332, 1333], [1379, 1380], [1389, 1390], [1391, 1392], [1391, 1394]]}, "": {"executed_lines": [1, 5, 6, 7, 8, 9, 10, 11, 12, 13, 14, 15, 16, 17, 18, 19, 20, 21, 32, 35, 37, 38, 40, 41, 42, 43, 44, 45, 47, 48, 51, 52, 53, 56, 57, 58, 59, 60, 70, 72, 73, 75, 82, 83, 85, 86, 88, 141, 298, 324, 388, 392, 412, 416, 457, 469, 475, 493, 511, 519, 529, 537, 544, 551, 623, 668, 709, 720, 730, 745, 761, 782, 783, 890, 894, 901, 905, 911, 918, 928, 934, 946, 947, 997, 998, 1021, 1032, 1046, 1061, 1071, 1082, 1095, 1096, 1144, 1197, 1211, 1302, 1318, 1377, 1396, 1400, 1401], "summary": {"covered_lines": 100, "num_statements": 100, "percent_covered": 100.0, "percent_covered_display": "100.00", "missing_lines": 0, "excluded_lines": 0, "percent_statements_covered": 100.0, "percent_statements_covered_display": "100.00", "num_branches": 6, "num_partial_branches": 0, "covered_branches": 6, "missing_branches": 0, "percent_branches_covered": 100.0, "percent_branches_covered_display": "100.00"}, "missing_lines": [], "excluded_lines": [], "executed_branches": [[40, 41], [40, 47], [43, 44], [43, 51], [52, 53], [52, 56]], "missing_branches": []}}}, "models\\user.py": {"executed_lines": [1, 7, 8, 9, 12, 13, 14, 20, 21, 22, 23, 24, 25, 27, 29, 30, 32, 43, 44, 55, 59, 63], "summary": {"covered_lines": 20, "num_statements": 25, "percent_covered": 77.77777777777777, "percent_covered_display": "77.78", "missing_lines": 5, "excluded_lines": 0, "percent_statements_covered": 80.0, "percent_statements_covered_display": "80.00", "num_branches": 2, "num_partial_branches": 1, "covered_branches": 1, "missing_branches": 1, "percent_branches_covered": 50.0, "percent_branches_covered_display": "50.00"}, "missing_lines": [34, 46, 57, 61, 65], "excluded_lines": [], "executed_branches": [[29, 30]], "missing_branches": [[29, -27]], "functions": {"User.__post_init__": {"executed_lines": [29, 30], "summary": {"covered_lines": 2, "num_statements": 2, "percent_covered": 75.0, "percent_covered_display": "75.00", "missing_lines": 0, "excluded_lines": 0, "percent_statements_covered": 100.0, "percent_statements_covered_display": "100.00", "num_branches": 2, "num_partial_branches": 1, "covered_branches": 1, "missing_branches": 1, "percent_branches_covered": 50.0, "percent_branches_covered_display": "50.00"}, "missing_lines": [], "excluded_lines": [], "executed_branches": [[29, 30]], "missing_branches": [[29, -27]]}, "User.to_dict": {"executed_lines": [], "summary": {"covered_lines": 0, "num_statements": 1, "percent_covered": 0.0, "percent_covered_display": "0.00", "missing_lines": 1, "excluded_lines": 0, "percent_statements_covered": 0.0, "percent_statements_covered_display": "0.00", "num_branches": 0, "num_partial_branches": 0, "covered_branches": 0, "missing_branches": 0, "percent_branches_covered": 100.0, "percent_branches_covered_display": "100.00"}, "missing_lines": [34], "excluded_lines": [], "executed_branches": [], "missing_branches": []}, "User.from_dict": {"executed_lines": [], "summary": {"covered_lines": 0, "num_statements": 1, "percent_covered": 0.0, "percent_covered_display": "0.00", "missing_lines": 1, "excluded_lines": 0, "percent_statements_covered": 0.0, "percent_statements_covered_display": "0.00", "num_branches": 0, "num_partial_branches": 0, "covered_branches": 0, "missing_branches": 0, "percent_branches_covered": 100.0, "percent_branches_covered_display": "100.00"}, "missing_lines": [46], "excluded_lines": [], "executed_branches": [], "missing_branches": []}, "User.update_last_login": {"executed_lines": [], "summary": {"covered_lines": 0, "num_statements": 1, "percent_covered": 0.0, "percent_covered_display": "0.00", "missing_lines": 1, "excluded_lines": 0, "percent_statements_covered": 0.0, "percent_statements_covered_display": "0.00", "num_branches": 0, "num_partial_branches": 0, "covered_branches": 0, "missing_branches": 0, "percent_branches_covered": 100.0, "percent_branches_covered_display": "100.00"}, "missing_lines": [57], "excluded_lines": [], "executed_branches": [], "missing_branches": []}, "User.deactivate": {"executed_lines": [], "summary": {"covered_lines": 0, "num_statements": 1, "percent_covered": 0.0, "percent_covered_display": "0.00", "missing_lines": 1, "excluded_lines": 0, "percent_statements_covered": 0.0, "percent_statements_covered_display": "0.00", "num_branches": 0, "num_partial_branches": 0, "covered_branches": 0, "missing_branches": 0, "percent_branches_covered": 100.0, "percent_branches_covered_display": "100.00"}, "missing_lines": [61], "excluded_lines": [], "executed_branches": [], "missing_branches": []}, "User.activate": {"executed_lines": [], "summary": {"covered_lines": 0, "num_statements": 1, "percent_covered": 0.0, "percent_covered_display": "0.00", "missing_lines": 1, "excluded_lines": 0, "percent_statements_covered": 0.0, "percent_statements_covered_display": "0.00", "num_branches": 0, "num_partial_branches": 0, "covered_branches": 0, "missing_branches": 0, "percent_branches_covered": 100.0, "percent_branches_covered_display": "100.00"}, "missing_lines": [65], "excluded_lines": [], "executed_branches": [], "missing_branches": []}, "": {"executed_lines": [1, 7, 8, 9, 12, 13, 14, 20, 21, 22, 23, 24, 25, 27, 32, 43, 44, 55, 59, 63], "summary": {"covered_lines": 18, "num_statements": 18, "percent_covered": 100.0, "percent_covered_display": "100.00", "missing_lines": 0, "excluded_lines": 0, "percent_statements_covered": 100.0, "percent_statements_covered_display": "100.00", "num_branches": 0, "num_partial_branches": 0, "covered_branches": 0, "missing_branches": 0, "percent_branches_covered": 100.0, "percent_branches_covered_display": "100.00"}, "missing_lines": [], "excluded_lines": [], "executed_branches": [], "missing_branches": []}}, "classes": {"User": {"executed_lines": [29, 30], "summary": {"covered_lines": 2, "num_statements": 7, "percent_covered": 33.333333333333336, "percent_covered_display": "33.33", "missing_lines": 5, "excluded_lines": 0, "percent_statements_covered": 28.571428571428573, "percent_statements_covered_display": "28.57", "num_branches": 2, "num_partial_branches": 1, "covered_branches": 1, "missing_branches": 1, "percent_branches_covered": 50.0, "percent_branches_covered_display": "50.00"}, "missing_lines": [34, 46, 57, 61, 65], "excluded_lines": [], "executed_branches": [[29, 30]], "missing_branches": [[29, -27]]}, "": {"executed_lines": [1, 7, 8, 9, 12, 13, 14, 20, 21, 22, 23, 24, 25, 27, 32, 43, 44, 55, 59, 63], "summary": {"covered_lines": 18, "num_statements": 18, "percent_covered": 100.0, "percent_covered_display": "100.00", "missing_lines": 0, "excluded_lines": 0, "percent_statements_covered": 100.0, "percent_statements_covered_display": "100.00", "num_branches": 0, "num_partial_branches": 0, "covered_branches": 0, "missing_branches": 0, "percent_branches_covered": 100.0, "percent_branches_covered_display": "100.00"}, "missing_lines": [], "excluded_lines": [], "executed_branches": [], "missing_branches": []}}}, "services\\__init__.py": {"executed_lines": [1, 3, 4, 6], "summary": {"covered_lines": 3, "num_statements": 3, "percent_covered": 100.0, "percent_covered_display": "100.00", "missing_lines": 0, "excluded_lines": 0, "percent_statements_covered": 100.0, "percent_statements_covered_display": "100.00", "num_branches": 0, "num_partial_branches": 0, "covered_branches": 0, "missing_branches": 0, "percent_branches_covered": 100.0, "percent_branches_covered_display": "100.00"}, "missing_lines": [], "excluded_lines": [], "executed_branches": [], "missing_branches": [], "functions": {"": {"executed_lines": [1, 3, 4, 6], "summary": {"covered_lines": 3, "num_statements": 3, "percent_covered": 100.0, "percent_covered_display": "100.00", "missing_lines": 0, "excluded_lines": 0, "percent_statements_covered": 100.0, "percent_statements_covered_display": "100.00", "num_branches": 0, "num_partial_branches": 0, "covered_branches": 0, "missing_branches": 0, "percent_branches_covered": 100.0, "percent_branches_covered_display": "100.00"}, "missing_lines": [], "excluded_lines": [], "executed_branches": [], "missing_branches": []}}, "classes": {"": {"executed_lines": [1, 3, 4, 6], "summary": {"covered_lines": 3, "num_statements": 3, "percent_covered": 100.0, "percent_covered_display": "100.00", "missing_lines": 0, "excluded_lines": 0, "percent_statements_covered": 100.0, "percent_statements_covered_display": "100.00", "num_branches": 0, "num_partial_branches": 0, "covered_branches": 0, "missing_branches": 0, "percent_branches_covered": 100.0, "percent_branches_covered_display": "100.00"}, "missing_lines": [], "excluded_lines": [], "executed_branches": [], "missing_branches": []}}}, "services\\accessibility_service.py": {"executed_lines": [1, 8, 9, 10, 11, 12, 13, 14, 15, 17, 18, 19, 23, 26, 27, 28, 29, 30, 31, 34, 35, 36, 37, 38, 39, 42, 43, 45, 46, 47, 48, 49, 50, 51, 52, 53,
[...]
ed_display": "92.63", "missing_lines": 3, "excluded_lines": 0, "percent_statements_covered": 95.38461538461539, "percent_statements_covered_display": "95.38", "num_branches": 30, "num_partial_branches": 2, "covered_branches": 26, "missing_branches": 4, "percent_branches_covered": 86.66666666666667, "percent_branches_covered_display": "86.67"}, "missing_lines": [69, 70, 120], "excluded_lines": [], "executed_branches": [[61, 62], [61, 73], [65, 66], [67, 68], [67, 73], [74, 75], [74, 79], [76, 77], [76, 79], [100, 101], [100, 107], [102, 100], [102, 103], [104, 100], [104, 105], [114, 115], [114, 121], [115, 116], [117, 114], [117, 118], [135, 136], [135, 137], [153, 154], [153, 155], [171, 172], [171, 173]], "missing_branches": [[65, 69], [69, 70], [69, 73], [115, 120]], "functions": {"TaxDataValidator.validate_field": {"executed_lines": [61, 62, 63, 65, 66, 67, 68, 73, 74, 75, 76, 77, 79], "summary": {"covered_lines": 13, "num_statements": 15, "percent_covered": 81.48148148148148, "percent_covered_display": "81.48", "missing_lines": 2, "excluded_lines": 0, "percent_statements_covered": 86.66666666666667, "percent_statements_covered_display": "86.67", "num_branches": 12, "num_partial_branches": 1, "covered_branches": 9, "missing_branches": 3, "percent_branches_covered": 75.0, "percent_branches_covered_display": "75.00"}, "missing_lines": [69, 70], "excluded_lines": [], "executed_branches": [[61, 62], [61, 73], [65, 66], [67, 68], [67, 73], [74, 75], [74, 79], [76, 77], [76, 79]], "missing_branches": [[65, 69], [69, 70], [69, 73]]}, "TaxDataValidator.validate_data": {"executed_lines": [97, 100, 101, 102, 103, 104, 105, 107], "summary": {"covered_lines": 8, "num_statements": 8, "percent_covered": 100.0, "percent_covered_display": "100.00", "missing_lines": 0, "excluded_lines": 0, "percent_statements_covered": 100.0, "percent_statements_covered_display": "100.00", "num_branches": 6, "num_partial_branches": 0, "covered_branches": 6, "missing_branches": 0, "percent_branches_covered": 100.0, "percent_branches_covered_display": "100.00"}, "missing_lines": [], "excluded_lines": [], "executed_branches": [[100, 101], [100, 107], [102, 100], [102, 103], [104, 100], [104, 105]], "missing_branches": []}, "TaxDataValidator._get_nested_value": {"executed_lines": [112, 113, 114, 115, 116, 117, 118, 121], "summary": {"covered_lines": 8, "num_statements": 9, "percent_covered": 86.66666666666667, "percent_covered_display": "86.67", "missing_lines": 1, "excluded_lines": 0, "percent_statements_covered": 88.88888888888889, "percent_statements_covered_display": "88.89", "num_branches": 6, "num_partial_branches": 1, "covered_branches": 5, "missing_branches": 1, "percent_branches_covered": 83.33333333333333, "percent_branches_covered_display": "83.33"}, "missing_lines": [120], "excluded_lines": [], "executed_branches": [[114, 115], [114, 121], [115, 116], [117, 114], [117, 118]], "missing_branches": [[115, 120]]}, "TaxDataValidator.validate_filing_status": {"executed_lines": [134, 135, 136, 137], "summary": {"covered_lines": 4, "num_statements": 4, "percent_covered": 100.0, "percent_covered_display": "100.00", "missing_lines": 0, "excluded_lines": 0, "percent_statements_covered": 100.0, "percent_statements_covered_display": "100.00", "num_branches": 2, "num_partial_branches": 0, "covered_branches": 2, "missing_branches": 0, "percent_branches_covered": 100.0, "percent_branches_covered_display": "100.00"}, "missing_lines": [], "excluded_lines": [], "executed_branches": [[135, 136], [135, 137]], "missing_branches": []}, "TaxDataValidator.validate_tax_year": {"executed_lines": [150, 151, 153, 154, 155], "summary": {"covered_lines": 5, "num_statements": 5, "percent_covered": 100.0, "percent_covered_display": "100.00", "missing_lines": 0, "excluded_lines": 0, "percent_statements_covered": 100.0, "percent_statements_covered_display": "100.00", "num_branches": 2, "num_partial_branches": 0, "covered_branches": 2, "missing_branches": 0, "percent_branches_covered": 100.0, "percent_branches_covered_display": "100.00"}, "missing_lines": [], "excluded_lines": [], "executed_branches": [[153, 154], [153, 155]], "missing_branches": []}, "TaxDataValidator.validate_amount": {"executed_lines": [169, 170, 171, 172, 173, 174, 175], "summary": {"covered_lines": 7, "num_statements": 7, "percent_covered": 100.0, "percent_covered_display": "100.00", "missing_lines": 0, "excluded_lines": 0, "percent_statements_covered": 100.0, "percent_statements_covered_display": "100.00", "num_branches": 2, "num_partial_branches": 0, "covered_branches": 2, "missing_branches": 0, "percent_branches_covered": 100.0, "percent_branches_covered_display": "100.00"}, "missing_lines": [], "excluded_lines": [], "executed_branches": [[171, 172], [171, 173]], "missing_branches": []}, "": {"executed_lines": [1, 8, 9, 17, 18, 25, 34, 43, 44, 81, 82, 109, 110, 123, 124, 139, 140, 157, 158], "summary": {"covered_lines": 17, "num_statements": 17, "percent_covered": 100.0, "percent_covered_display": "100.00", "missing_lines": 0, "excluded_lines": 0, "percent_statements_covered": 100.0, "percent_statements_covered_display": "100.00", "num_branches": 0, "num_partial_branches": 0, "covered_branches": 0, "missing_branches": 0, "percent_branches_covered": 100.0, "percent_branches_covered_display": "100.00"}, "missing_lines": [], "excluded_lines": [], "executed_branches": [], "missing_branches": []}}, "classes": {"TaxDataValidator": {"executed_lines": [61, 62, 63, 65, 66, 67, 68, 73, 74, 75, 76, 77, 79, 97, 100, 101, 102, 103, 104, 105, 107, 112, 113, 114, 115, 116, 117, 118, 121, 134, 135, 136, 137, 150, 151, 153, 154, 155, 169, 170, 171, 172, 173, 174, 175], "summary": {"covered_lines": 45, "num_statements": 48, "percent_covered": 91.02564102564102, "percent_covered_display": "91.03", "missing_lines": 3, "excluded_lines": 0, "percent_statements_covered": 93.75, "percent_statements_covered_display": "93.75", "num_branches": 30, "num_partial_branches": 2, "covered_branches": 26, "missing_branches": 4, "percent_branches_covered": 86.66666666666667, "percent_branches_covered_display": "86.67"}, "missing_lines": [69, 70, 120], "excluded_lines": [], "executed_branches": [[61, 62], [61, 73], [65, 66], [67, 68], [67, 73], [74, 75], [74, 79], [76, 77], [76, 79], [100, 101], [100, 107], [102, 100], [102, 103], [104, 100], [104, 105], [114, 115], [114, 121], [115, 116], [117, 114], [117, 118], [135, 136], [135, 137], [153, 154], [153, 155], [171, 172], [171, 173]], "missing_branches": [[65, 69], [69, 70], [69, 73], [115, 120]]}, "": {"executed_lines": [1, 8, 9, 17, 18, 25, 34, 43, 44, 81, 82, 109, 110, 123, 124, 139, 140, 157, 158], "summary": {"covered_lines": 17, "num_statements": 17, "percent_covered": 100.0, "percent_covered_display": "100.00", "missing_lines": 0, "excluded_lines": 0, "percent_statements_covered": 100.0, "percent_statements_covered_display": "100.00", "num_branches": 0, "num_partial_branches": 0, "covered_branches": 0, "missing_branches": 0, "percent_branches_covered": 100.0, "percent_branches_covered_display": "100.00"}, "missing_lines": [], "excluded_lines": [], "executed_branches": [], "missing_branches": []}}}, "utils\\validation.py": {"executed_lines": [1, 5, 6, 8, 11, 14, 15, 18, 19, 23, 24, 26, 27, 29, 31, 33, 34, 35, 36, 37, 39, 42, 43, 44, 46, 49, 51, 52, 53, 54, 56, 58, 60, 61, 62, 63, 65, 67, 69, 70, 72, 73, 75, 76, 77, 79, 82, 84, 85, 88, 89, 91], "summary": {"covered_lines": 51, "num_statements": 51, "percent_covered": 100.0, "percent_covered_display": "100.00", "missing_lines": 0, "excluded_lines": 0, "percent_statements_covered": 100.0, "percent_statements_covered_display": "100.00", "num_branches": 22, "num_partial_branches": 0, "covered_branches": 22, "missing_branches": 0, "percent_branches_covered": 100.0, "percent_branches_covered_display": "100.00"}, "missing_lines": [], "excluded_lines": [], "executed_branches": [[14, 15], [14, 18], [18, 19], [18, 23], [23, 24], [23, 26], [26, 27], [26, 29], [42, 43], [42, 44], [51, 52], [51, 53], [53, 54], [53, 56], [61, 62], [61, 63], [72, 73], [72, 75], [84, 85], [84, 88], [88, 89], [88, 91]], "missing_branches": [], "functions": {"validate_ssn": {"executed_lines": [11, 14, 15, 18, 19, 23, 24, 26, 27, 29], "summary": {"covered_lines": 10, "num_statements": 10, "percent_covered": 100.0, "percent_covered_display": "100.00", "missing_lines": 0, "excluded_lines": 0, "percent_statements_covered": 100.0, "percent_statements_covered_display": "100.00", "num_branches": 8, "num_partial_branches": 0, "covered_branches": 8, "missing_branches": 0, "percent_branches_covered": 100.0, "percent_branches_covered_display": "100.00"}, "missing_lines": [], "excluded_lines": [], "executed_branches": [[14, 15], [14, 18], [18, 19], [18, 23], [23, 24], [23, 26], [26, 27], [26, 29]], "missing_branches": []}, "validate_date": {"executed_lines": [33, 34, 35, 36, 37], "summary": {"covered_lines": 5, "num_statements": 5, "percent_covered": 100.0, "percent_covered_display": "100.00", "missing_lines": 0, "excluded_lines": 0, "percent_statements_covered": 100.0, "percent_statements_covered_display": "100.00", "num_branches": 0, "num_partial_branches": 0, "covered_branches": 0, "missing_branches": 0, "percent_branches_covered": 100.0, "percent_branches_covered_display": "100.00"}, "missing_lines": [], "excluded_lines": [], "executed_branches": [], "missing_branches": []}, "validate_zip_code": {"executed_lines": [42, 43, 44], "summary": {"covered_lines": 3, "num_statements": 3, "percent_covered": 100.0, "percent_covered_display": "100.00", "missing_lines": 0, "excluded_lines": 0, "percent_statements_covered": 100.0, "percent_statements_covered_display": "100.00", "num_branches": 2, "num_partial_branches": 0, "covered_branches": 2, "missing_branches": 0, "percent_branches_covered": 100.0, "percent_branches_covered_display": "100.00"}, "missing_lines": [], "excluded_lines": [], "executed_branches": [[42, 43], [42, 44]], "missing_branches": []}, "validate_phone": {"executed_lines": [49, 51, 52, 53, 54, 56], "summary": {"covered_lines": 6, "num_statements": 6, "percent_covered": 100.0, "percent_covered_display": "100.00", "missing_lines": 0, "excluded_lines": 0, "percent_statements_covered": 100.0, "percent_statements_covered_display": "100.00", "num_branches": 4, "num_partial_branches": 0, "covered_branches": 4, "missing_branches": 0, "percent_branches_covered": 100.0, "percent_branches_covered_display": "100.00"}, "missing_lines": [], "excluded_lines": [], "executed_branches": [[51, 52], [51, 53], [53, 54], [53, 56]], "missing_branches": []}, "validate_email": {"executed_lines": [60, 61, 62, 63], "summary": {"covered_lines": 4, "num_statements": 4, "percent_covered": 100.0, "percent_covered_display": "100.00", "missing_lines": 0, "excluded_lines": 0, "percent_statements_covered": 100.0, "percent_statements_covered_display": "100.00", "num_branches": 2, "num_partial_branches": 0, "covered_branches": 2, "missing_branches": 0, "percent_branches_covered": 100.0, "percent_branches_covered_display": "100.00"}, "missing_lines": [], "excluded_lines": [], "executed_branches": [[61, 62], [61, 63]], "missing_branches": []}, "validate_currency": {"executed_lines": [67, 69, 70, 72, 73, 75, 76, 77], "summary": {"covered_lines": 8, "num_statements": 8, "percent_covered": 100.0, "percent_covered_display": "100.00", "missing_lines": 0, "excluded_lines": 0, "percent_statements_covered": 100.0, "percent_statements_covered_display": "100.00", "num_branches": 2, "num_partial_branches": 0, "covered_branches": 2, "missing_branches": 0, "percent_branches_covered": 100.0, "percent_branches_covered_display": "100.00"}, "missing_lines": [], "excluded_lines": [], "executed_branches": [[72, 73], [72, 75]], "missing_branches": []}, "validate_ein": {"executed_lines": [82, 84, 85, 88, 89, 91], "summary": {"covered_lines": 6, "num_statements": 6, "percent_covered": 100.0, "percent_covered_display": "100.00", "missing_lines": 0, "excluded_lines": 0, "percent_statements_covered": 100.0, "percent_statements_covered_display": "100.00", "num_branches": 4, "num_partial_branches": 0, "covered_branches": 4, "missing_branches": 0, "percent_branches_covered": 100.0, "percent_branches_covered_display": "100.00"}, "missing_lines": [], "excluded_lines": [], "executed_branches": [[84, 85], [84, 88], [88, 89], [88, 91]], "missing_branches": []}, "": {"executed_lines": [1, 5, 6, 8, 31, 39, 46, 58, 65, 79], "summary": {"covered_lines": 9, "num_statements": 9, "percent_covered": 100.0, "percent_covered_display": "100.00", "missing_lines": 0, "excluded_lines": 0, "percent_statements_covered": 100.0, "percent_statements_covered_display": "100.00", "num_branches": 0, "num_partial_branches": 0, "covered_branches": 0, "missing_branches": 0, "percent_branches_covered": 100.0, "percent_branches_covered_display": "100.00"}, "missing_lines": [], "excluded_lines": [], "executed_branches": [], "missing_branches": []}}, "classes": {"": {"executed_lines": [1, 5, 6, 8, 11, 14, 15, 18, 19, 23, 24, 26, 27, 29, 31, 33, 34, 35, 36, 37, 39, 42, 43, 44, 46, 49, 51, 52, 53, 54, 56, 58, 60, 61, 62, 63, 65, 67, 69, 70, 72, 73, 75, 76, 77, 79, 82, 84, 85, 88, 89, 91], "summary": {"covered_lines": 51, "num_statements": 51, "percent_covered": 100.0, "percent_covered_display": "100.00", "missing_lines": 0, "excluded_lines": 0, "percent_statements_covered": 100.0, "percent_statements_covered_display": "100.00", "num_branches": 22, "num_partial_branches": 0, "covered_branches": 22, "missing_branches": 0, "percent_branches_covered": 100.0, "percent_branches_covered_display": "100.00"}, "missing_lines": [], "excluded_lines": [], "executed_branches": [[14, 15], [14, 18], [18, 19], [18, 23], [23, 24], [23, 26], [26, 27], [26, 29], [42, 43], [42, 44], [51, 52], [51, 53], [53, 54], [53, 56], [61, 62], [61, 63], [72, 73], [72, 75], [84, 85], [84, 88], [88, 89], [88, 91]], "missing_branches": []}}}, "utils\\w2_calculator.py": {"executed_lines": [1, 6, 9, 10, 12, 13, 23, 24, 25, 27, 28, 38, 39, 40, 42, 43, 53, 58, 59, 69, 70, 71, 73, 74, 84, 85, 86], "summary": {"covered_lines": 25, "num_statements": 25, "percent_covered": 100.0, "percent_covered_display": "100.00", "missing_lines": 0, "excluded_lines": 0, "percent_statements_covered": 100.0, "percent_statements_covered_display": "100.00", "num_branches": 8, "num_partial_branches": 0, "covered_branches": 8, "missing_branches": 0, "percent_branches_covered": 100.0, "percent_branches_covered_display": "100.00"}, "missing_lines": [], "excluded_lines": [], "executed_branches": [[23, 24], [23, 25], [38, 39], [38, 40], [69, 70], [69, 71], [84, 85], [84, 86]], "missing_branches": [], "functions": {"W2Calculator.calculate_total_wages": {"executed_lines": [23, 24, 25], "summary": {"covered_lines": 3, "num_statements": 3, "percent_covered": 100.0, "percent_covered_display": "100.00", "missing_lines": 0, "excluded_lines": 0, "percent_statements_covered": 100.0, "percent_statements_covered_display": "100.00", "num_branches": 2, "num_partial_branches": 0, "covered_branches": 2, "missing_branches": 0, "percent_branches_covered": 100.0, "percent_branches_covered_display": "100.00"}, "missing_lines": [], "excluded_lines": [], "executed_branches": [[23, 24], [23, 25]], "missing_branches": []}, "W2Calculator.calculate_total_withholding": {"executed_lines": [38, 39, 40], "summary": {"covered_lines": 3, "num_statements": 3, "percent_covered": 100.0, "percent_covered_display": "100.00", "missing_lines": 0, "excluded_lines": 0, "percent_statements_covered": 100.0, "percent_statements_covered_display": "100.00", "num_branches": 2, "num_partial_branches": 0, "covered_branches": 2, "missing_branches": 0, "percent_branches_covered": 100.0, "percent_branches_covered_display": "100.00"}, "missing_lines": [], "excluded_lines": [], "executed_branches": [[38, 39], [38, 40]], "missing_branches": []}, "W2Calculator.calculate_totals": {"executed_lines": [53], "summary": {"covered_lines": 1, "num_statements": 1, "percent_covered": 100.0, "percent_covered_display": "100.00", "missing_lines": 0, "excluded_lines": 0, "percent_statements_covered": 100.0, "percent_statements_covered_display": "100.00", "num_branches": 0, "num_partial_branches": 0, "covered_branches": 0, "missing_branches": 0, "percent_branches_covered": 100.0, "percent_branches_covered_display": "100.00"}, "missing_lines": [], "excluded_lines": [], "executed_branches": [], "missing_branches": []}, "W2Calculator.calculate_social_security_wages": {"executed_lines": [69, 70, 71], "summary": {"covered_lines": 3, "num_statements": 3, "percent_covered": 100.0, "percent_covered_display": "100.00", "missing_lines": 0, "excluded_lines": 0, "percent_statements_covered": 100.0, "percent_statements_covered_display": "100.00", "num_branches": 2, "num_partial_branches": 0, "covered_branches": 2, "missing_branches": 0, "percent_branches_covered": 100.0, "percent_branches_covered_display": "100.00"}, "missing_lines": [], "excluded_lines": [], "executed_branches": [[69, 70], [69, 71]], "missing_branches": []}, "W2Calculator.calculate_medicare_wages": {"executed_lines": [84, 85, 86], "summary": {"covered_lines": 3, "num_statements": 3, "percent_covered": 100.0, "percent_covered_display": "100.00", "missing_lines": 0, "excluded_lines": 0, "percent_statements_covered": 100.0, "percent_statements_covered_display": "100.00", "num_branches": 2, "num_partial_branches": 0, "covered_branches": 2, "missing_branches": 0, "percent_branches_covered": 100.0, "percent_branches_covered_display": "100.00"}, "missing_lines": [], "excluded_lines": [], "executed_branches": [[84, 85], [84, 86]], "missing_branches": []}, "": {"executed_lines": [1, 6, 9, 10, 12, 13, 27, 28, 42, 43, 58, 59, 73, 74], "summary": {"covered_lines": 12, "num_statements": 12, "percent_covered": 100.0, "percent_covered_display": "100.00", "missing_lines": 0, "excluded_lines": 0, "percent_statements_covered": 100.0, "percent_statements_covered_display": "100.00", "num_branches": 0, "num_partial_branches": 0, "covered_branches": 0, "missing_branches": 0, "percent_branches_covered": 100.0, "percent_branches_covered_display": "100.00"}, "missing_lines": [], "excluded_lines": [], "executed_branches": [], "missing_branches": []}}, "classes": {"W2Calculator": {"executed_lines": [23, 24, 25, 38, 39, 40, 53, 69, 70, 71, 84, 85, 86], "summary": {"covered_lines": 13, "num_statements": 13, "percent_covered": 100.0, "percent_covered_display": "100.00", "missing_lines": 0, "excluded_lines": 0, "percent_statements_covered": 100.0, "percent_statements_covered_display": "100.00", "num_branches": 8, "num_partial_branches": 0, "covered_branches": 8, "missing_branches": 0, "percent_branches_covered": 100.0, "percent_branches_covered_display": "100.00"}, "missing_lines": [], "excluded_lines": [], "executed_branches": [[23, 24], [23, 25], [38, 39], [38, 40], [69, 70], [69, 71], [84, 85], [84, 86]], "missing_branches": []}, "": {"executed_lines": [1, 6, 9, 10, 12, 13, 27, 28, 42, 43, 58, 59, 73, 74], "summary": {"covered_lines": 12, "num_statements": 12, "percent_covered": 100.0, "percent_covered_display": "100.00", "missing_lines": 0, "excluded_lines": 0, "percent_statements_covered": 100.0, "percent_statements_covered_display": "100.00", "num_branches": 0, "num_partial_branches": 0, "covered_branches": 0, "missing_branches": 0, "percent_branches_covered": 100.0, "percent_branches_covered_display": "100.00"}, "missing_lines": [], "excluded_lines": [], "executed_branches": [], "missing_branches": []}}}}, "totals": {"covered_lines": 6905, "num_statements": 9618, "percent_covered": 67.38284417058537, "percent_covered_display": "67.38", "missing_lines": 2713, "excluded_lines": 92, "percent_statements_covered": 71.79247244749428, "percent_statements_covered_display": "71.79", "num_branches": 2716, "num_partial_branches": 408, "covered_branches": 1406, "missing_branches": 1310, "percent_branches_covered": 51.767304860088366, "percent_branches_covered_display": "51.77"}}